{"/home/elfarabi/Documents/Film/Project/SampahAnugerah/Backend-Sampan/routes/public.js":{"path":"/home/elfarabi/Documents/Film/Project/SampahAnugerah/Backend-Sampan/routes/public.js","statementMap":{"0":{"start":{"line":1,"column":15},"end":{"line":1,"column":42}},"1":{"start":{"line":2,"column":11},"end":{"line":2,"column":52}},"2":{"start":{"line":3,"column":20},"end":{"line":3,"column":50}},"3":{"start":{"line":4,"column":19},"end":{"line":4,"column":49}},"4":{"start":{"line":5,"column":13},"end":{"line":5,"column":32}},"5":{"start":{"line":6,"column":19},"end":{"line":6,"column":69}},"6":{"start":{"line":7,"column":24},"end":{"line":7,"column":80}},"7":{"start":{"line":8,"column":28},"end":{"line":8,"column":62}},"8":{"start":{"line":10,"column":0},"end":{"line":10,"column":71}},"9":{"start":{"line":11,"column":0},"end":{"line":11,"column":94}},"10":{"start":{"line":12,"column":0},"end":{"line":12,"column":78}},"11":{"start":{"line":14,"column":0},"end":{"line":14,"column":24}}},"fnMap":{},"branchMap":{},"s":{"0":1,"1":1,"2":1,"3":1,"4":1,"5":1,"6":1,"7":1,"8":1,"9":1,"10":1,"11":1},"f":{},"b":{},"_coverageSchema":"43e27e138ebf9cfc5966b082cf9a028302ed4184","hash":"0a827bfd33b3f8e3d57fd96a11f98d15a2342ad0","contentHash":"ebc7140793ea3cafa9aafe40bee787e85ba3b5b7b725d734ee32bea61394d5c9"},"/home/elfarabi/Documents/Film/Project/SampahAnugerah/Backend-Sampan/middleware/multerCloudinary.js":{"path":"/home/elfarabi/Documents/Film/Project/SampahAnugerah/Backend-Sampan/middleware/multerCloudinary.js","statementMap":{"0":{"start":{"line":1,"column":15},"end":{"line":1,"column":32}},"1":{"start":{"line":2,"column":19},"end":{"line":2,"column":40}},"2":{"start":{"line":3,"column":26},"end":{"line":3,"column":62}},"3":{"start":{"line":5,"column":0},"end":{"line":9,"column":2}},"4":{"start":{"line":11,"column":16},"end":{"line":20,"column":2}},"5":{"start":{"line":17,"column":4},"end":{"line":17,"column":21}},"6":{"start":{"line":18,"column":4},"end":{"line":18,"column":35}},"7":{"start":{"line":22,"column":15},"end":{"line":22,"column":40}},"8":{"start":{"line":24,"column":0},"end":{"line":24,"column":23}}},"fnMap":{"0":{"name":"(anonymous_0)","decl":{"start":{"line":16,"column":12},"end":{"line":16,"column":13}},"loc":{"start":{"line":16,"column":33},"end":{"line":19,"column":3}},"line":16}},"branchMap":{},"s":{"0":1,"1":1,"2":1,"3":1,"4":1,"5":0,"6":0,"7":1,"8":1},"f":{"0":0},"b":{},"_coverageSchema":"43e27e138ebf9cfc5966b082cf9a028302ed4184","hash":"adfeba64ee3f57dc8d7920b286de5f11610490e1","contentHash":"97b0a089573c91ea4a42d174714d0476dc3f17e2dbab6e893476570e4e6b20d7"},"/home/elfarabi/Documents/Film/Project/SampahAnugerah/Backend-Sampan/controllers/user.js":{"path":"/home/elfarabi/Documents/Film/Project/SampahAnugerah/Backend-Sampan/controllers/user.js","statementMap":{"0":{"start":{"line":1,"column":13},"end":{"line":1,"column":38}},"1":{"start":{"line":2,"column":13},"end":{"line":2,"column":46}},"2":{"start":{"line":3,"column":16},"end":{"line":3,"column":48}},"3":{"start":{"line":4,"column":11},"end":{"line":4,"column":28}},"4":{"start":{"line":5,"column":8},"end":{"line":5,"column":31}},"5":{"start":{"line":6,"column":15},"end":{"line":6,"column":37}},"6":{"start":{"line":7,"column":14},"end":{"line":7,"column":35}},"7":{"start":{"line":10,"column":0},"end":{"line":13,"column":1}},"8":{"start":{"line":11,"column":13},"end":{"line":11,"column":29}},"9":{"start":{"line":12,"column":2},"end":{"line":12,"column":17}},"10":{"start":{"line":15,"column":0},"end":{"line":28,"column":2}},"11":{"start":{"line":16,"column":2},"end":{"line":27,"column":4}},"12":{"start":{"line":29,"column":0},"end":{"line":40,"column":2}},"13":{"start":{"line":31,"column":2},"end":{"line":39,"column":4}},"14":{"start":{"line":43,"column":0},"end":{"line":71,"column":2}},"15":{"start":{"line":44,"column":16},"end":{"line":56,"column":4}},"16":{"start":{"line":57,"column":2},"end":{"line":70,"column":7}},"17":{"start":{"line":60,"column":6},"end":{"line":63,"column":9}},"18":{"start":{"line":66,"column":6},"end":{"line":69,"column":9}},"19":{"start":{"line":74,"column":0},"end":{"line":91,"column":2}},"20":{"start":{"line":75,"column":2},"end":{"line":85,"column":3}},"21":{"start":{"line":76,"column":4},"end":{"line":79,"column":7}},"22":{"start":{"line":80,"column":9},"end":{"line":85,"column":3}},"23":{"start":{"line":81,"column":4},"end":{"line":84,"column":7}},"24":{"start":{"line":86,"column":16},"end":{"line":86,"column":40}},"25":{"start":{"line":87,"column":2},"end":{"line":90,"column":5}},"26":{"start":{"line":94,"column":0},"end":{"line":101,"column":2}},"27":{"start":{"line":95,"column":2},"end":{"line":95,"column":50}},"28":{"start":{"line":96,"column":16},"end":{"line":96,"column":39}},"29":{"start":{"line":97,"column":2},"end":{"line":100,"column":5}},"30":{"start":{"line":104,"column":0},"end":{"line":170,"column":2}},"31":{"start":{"line":106,"column":18},"end":{"line":106,"column":20}},"32":{"start":{"line":107,"column":2},"end":{"line":107,"column":77}},"33":{"start":{"line":108,"column":2},"end":{"line":108,"column":77}},"34":{"start":{"line":109,"column":2},"end":{"line":109,"column":80}},"35":{"start":{"line":110,"column":2},"end":{"line":110,"column":77}},"36":{"start":{"line":111,"column":2},"end":{"line":111,"column":68}},"37":{"start":{"line":112,"column":2},"end":{"line":112,"column":71}},"38":{"start":{"line":113,"column":2},"end":{"line":113,"column":68}},"39":{"start":{"line":114,"column":2},"end":{"line":114,"column":74}},"40":{"start":{"line":115,"column":2},"end":{"line":115,"column":80}},"41":{"start":{"line":117,"column":24},"end":{"line":117,"column":100}},"42":{"start":{"line":118,"column":2},"end":{"line":121,"column":3}},"43":{"start":{"line":119,"column":20},"end":{"line":119,"column":33}},"44":{"start":{"line":120,"column":4},"end":{"line":120,"column":38}},"45":{"start":{"line":123,"column":2},"end":{"line":169,"column":4}},"46":{"start":{"line":130,"column":6},"end":{"line":167,"column":7}},"47":{"start":{"line":131,"column":8},"end":{"line":134,"column":11}},"48":{"start":{"line":136,"column":8},"end":{"line":141,"column":9}},"49":{"start":{"line":137,"column":10},"end":{"line":140,"column":13}},"50":{"start":{"line":142,"column":8},"end":{"line":166,"column":13}},"51":{"start":{"line":145,"column":12},"end":{"line":145,"column":37}},"52":{"start":{"line":146,"column":12},"end":{"line":159,"column":15}},"53":{"start":{"line":147,"column":14},"end":{"line":152,"column":15}},"54":{"start":{"line":148,"column":16},"end":{"line":151,"column":19}},"55":{"start":{"line":153,"column":14},"end":{"line":158,"column":17}},"56":{"start":{"line":162,"column":12},"end":{"line":165,"column":15}},"57":{"start":{"line":173,"column":0},"end":{"line":188,"column":2}},"58":{"start":{"line":174,"column":2},"end":{"line":187,"column":7}},"59":{"start":{"line":177,"column":6},"end":{"line":180,"column":9}},"60":{"start":{"line":183,"column":6},"end":{"line":186,"column":9}},"61":{"start":{"line":191,"column":0},"end":{"line":208,"column":2}},"62":{"start":{"line":192,"column":2},"end":{"line":207,"column":7}},"63":{"start":{"line":196,"column":6},"end":{"line":200,"column":9}},"64":{"start":{"line":203,"column":6},"end":{"line":206,"column":9}},"65":{"start":{"line":211,"column":0},"end":{"line":227,"column":1}},"66":{"start":{"line":212,"column":2},"end":{"line":226,"column":6}},"67":{"start":{"line":216,"column":6},"end":{"line":225,"column":10}},"68":{"start":{"line":221,"column":10},"end":{"line":224,"column":12}},"69":{"start":{"line":230,"column":0},"end":{"line":276,"column":1}},"70":{"start":{"line":233,"column":2},"end":{"line":249,"column":6}},"71":{"start":{"line":235,"column":6},"end":{"line":242,"column":10}},"72":{"start":{"line":237,"column":10},"end":{"line":241,"column":12}},"73":{"start":{"line":245,"column":6},"end":{"line":248,"column":8}},"74":{"start":{"line":279,"column":0},"end":{"line":296,"column":1}},"75":{"start":{"line":280,"column":15},"end":{"line":280,"column":31}},"76":{"start":{"line":282,"column":2},"end":{"line":295,"column":6}},"77":{"start":{"line":285,"column":6},"end":{"line":288,"column":8}},"78":{"start":{"line":291,"column":6},"end":{"line":294,"column":8}}},"fnMap":{"0":{"name":"(anonymous_0)","decl":{"start":{"line":10,"column":18},"end":{"line":10,"column":19}},"loc":{"start":{"line":10,"column":29},"end":{"line":13,"column":1}},"line":10},"1":{"name":"(anonymous_1)","decl":{"start":{"line":15,"column":17},"end":{"line":15,"column":18}},"loc":{"start":{"line":15,"column":25},"end":{"line":28,"column":1}},"line":15},"2":{"name":"(anonymous_2)","decl":{"start":{"line":29,"column":16},"end":{"line":29,"column":17}},"loc":{"start":{"line":29,"column":24},"end":{"line":40,"column":1}},"line":29},"3":{"name":"(anonymous_3)","decl":{"start":{"line":43,"column":17},"end":{"line":43,"column":18}},"loc":{"start":{"line":43,"column":43},"end":{"line":71,"column":1}},"line":43},"4":{"name":"(anonymous_4)","decl":{"start":{"line":59,"column":10},"end":{"line":59,"column":11}},"loc":{"start":{"line":59,"column":20},"end":{"line":64,"column":5}},"line":59},"5":{"name":"(anonymous_5)","decl":{"start":{"line":65,"column":11},"end":{"line":65,"column":12}},"loc":{"start":{"line":65,"column":18},"end":{"line":70,"column":5}},"line":65},"6":{"name":"(anonymous_6)","decl":{"start":{"line":74,"column":16},"end":{"line":74,"column":17}},"loc":{"start":{"line":74,"column":30},"end":{"line":91,"column":1}},"line":74},"7":{"name":"(anonymous_7)","decl":{"start":{"line":94,"column":22},"end":{"line":94,"column":23}},"loc":{"start":{"line":94,"column":48},"end":{"line":101,"column":1}},"line":94},"8":{"name":"(anonymous_8)","decl":{"start":{"line":104,"column":17},"end":{"line":104,"column":18}},"loc":{"start":{"line":104,"column":37},"end":{"line":170,"column":1}},"line":104},"9":{"name":"(anonymous_9)","decl":{"start":{"line":129,"column":4},"end":{"line":129,"column":5}},"loc":{"start":{"line":129,"column":23},"end":{"line":168,"column":5}},"line":129},"10":{"name":"(anonymous_10)","decl":{"start":{"line":144,"column":16},"end":{"line":144,"column":17}},"loc":{"start":{"line":144,"column":24},"end":{"line":160,"column":11}},"line":144},"11":{"name":"(anonymous_11)","decl":{"start":{"line":146,"column":26},"end":{"line":146,"column":27}},"loc":{"start":{"line":146,"column":33},"end":{"line":159,"column":13}},"line":146},"12":{"name":"(anonymous_12)","decl":{"start":{"line":161,"column":17},"end":{"line":161,"column":18}},"loc":{"start":{"line":161,"column":24},"end":{"line":166,"column":11}},"line":161},"13":{"name":"(anonymous_13)","decl":{"start":{"line":173,"column":17},"end":{"line":173,"column":18}},"loc":{"start":{"line":173,"column":31},"end":{"line":188,"column":1}},"line":173},"14":{"name":"(anonymous_14)","decl":{"start":{"line":176,"column":10},"end":{"line":176,"column":11}},"loc":{"start":{"line":176,"column":16},"end":{"line":181,"column":5}},"line":176},"15":{"name":"(anonymous_15)","decl":{"start":{"line":182,"column":11},"end":{"line":182,"column":12}},"loc":{"start":{"line":182,"column":18},"end":{"line":187,"column":5}},"line":182},"16":{"name":"(anonymous_16)","decl":{"start":{"line":191,"column":21},"end":{"line":191,"column":22}},"loc":{"start":{"line":191,"column":35},"end":{"line":208,"column":1}},"line":191},"17":{"name":"(anonymous_17)","decl":{"start":{"line":195,"column":10},"end":{"line":195,"column":11}},"loc":{"start":{"line":195,"column":17},"end":{"line":201,"column":5}},"line":195},"18":{"name":"(anonymous_18)","decl":{"start":{"line":202,"column":11},"end":{"line":202,"column":12}},"loc":{"start":{"line":202,"column":18},"end":{"line":207,"column":5}},"line":202},"19":{"name":"(anonymous_19)","decl":{"start":{"line":211,"column":18},"end":{"line":211,"column":19}},"loc":{"start":{"line":211,"column":32},"end":{"line":227,"column":1}},"line":211},"20":{"name":"(anonymous_20)","decl":{"start":{"line":215,"column":10},"end":{"line":215,"column":11}},"loc":{"start":{"line":215,"column":18},"end":{"line":226,"column":5}},"line":215},"21":{"name":"(anonymous_21)","decl":{"start":{"line":220,"column":15},"end":{"line":220,"column":16}},"loc":{"start":{"line":220,"column":22},"end":{"line":225,"column":9}},"line":220},"22":{"name":"(anonymous_22)","decl":{"start":{"line":230,"column":21},"end":{"line":230,"column":22}},"loc":{"start":{"line":230,"column":35},"end":{"line":276,"column":1}},"line":230},"23":{"name":"(anonymous_23)","decl":{"start":{"line":234,"column":10},"end":{"line":234,"column":11}},"loc":{"start":{"line":234,"column":18},"end":{"line":243,"column":5}},"line":234},"24":{"name":"(anonymous_24)","decl":{"start":{"line":236,"column":14},"end":{"line":236,"column":15}},"loc":{"start":{"line":236,"column":24},"end":{"line":242,"column":9}},"line":236},"25":{"name":"(anonymous_25)","decl":{"start":{"line":244,"column":11},"end":{"line":244,"column":12}},"loc":{"start":{"line":244,"column":18},"end":{"line":249,"column":5}},"line":244},"26":{"name":"(anonymous_26)","decl":{"start":{"line":279,"column":20},"end":{"line":279,"column":21}},"loc":{"start":{"line":279,"column":34},"end":{"line":296,"column":1}},"line":279},"27":{"name":"(anonymous_27)","decl":{"start":{"line":284,"column":10},"end":{"line":284,"column":11}},"loc":{"start":{"line":284,"column":18},"end":{"line":289,"column":5}},"line":284},"28":{"name":"(anonymous_28)","decl":{"start":{"line":290,"column":11},"end":{"line":290,"column":12}},"loc":{"start":{"line":290,"column":18},"end":{"line":295,"column":5}},"line":290}},"branchMap":{"0":{"loc":{"start":{"line":51,"column":14},"end":{"line":51,"column":44}},"type":"cond-expr","locations":[{"start":{"line":51,"column":25},"end":{"line":51,"column":37}},{"start":{"line":51,"column":40},"end":{"line":51,"column":44}}],"line":51},"1":{"loc":{"start":{"line":68,"column":17},"end":{"line":68,"column":50}},"type":"binary-expr","locations":[{"start":{"line":68,"column":17},"end":{"line":68,"column":28}},{"start":{"line":68,"column":32},"end":{"line":68,"column":50}}],"line":68},"2":{"loc":{"start":{"line":75,"column":2},"end":{"line":85,"column":3}},"type":"if","locations":[{"start":{"line":75,"column":2},"end":{"line":85,"column":3}},{"start":{"line":75,"column":2},"end":{"line":85,"column":3}}],"line":75},"3":{"loc":{"start":{"line":80,"column":9},"end":{"line":85,"column":3}},"type":"if","locations":[{"start":{"line":80,"column":9},"end":{"line":85,"column":3}},{"start":{"line":80,"column":9},"end":{"line":85,"column":3}}],"line":80},"4":{"loc":{"start":{"line":107,"column":2},"end":{"line":107,"column":76}},"type":"cond-expr","locations":[{"start":{"line":107,"column":23},"end":{"line":107,"column":68}},{"start":{"line":107,"column":72},"end":{"line":107,"column":76}}],"line":107},"5":{"loc":{"start":{"line":108,"column":2},"end":{"line":108,"column":76}},"type":"cond-expr","locations":[{"start":{"line":108,"column":23},"end":{"line":108,"column":68}},{"start":{"line":108,"column":72},"end":{"line":108,"column":76}}],"line":108},"6":{"loc":{"start":{"line":109,"column":2},"end":{"line":109,"column":79}},"type":"cond-expr","locations":[{"start":{"line":109,"column":24},"end":{"line":109,"column":71}},{"start":{"line":109,"column":75},"end":{"line":109,"column":79}}],"line":109},"7":{"loc":{"start":{"line":110,"column":2},"end":{"line":110,"column":76}},"type":"cond-expr","locations":[{"start":{"line":110,"column":23},"end":{"line":110,"column":68}},{"start":{"line":110,"column":72},"end":{"line":110,"column":76}}],"line":110},"8":{"loc":{"start":{"line":111,"column":2},"end":{"line":111,"column":67}},"type":"cond-expr","locations":[{"start":{"line":111,"column":20},"end":{"line":111,"column":59}},{"start":{"line":111,"column":63},"end":{"line":111,"column":67}}],"line":111},"9":{"loc":{"start":{"line":112,"column":2},"end":{"line":112,"column":70}},"type":"cond-expr","locations":[{"start":{"line":112,"column":21},"end":{"line":112,"column":62}},{"start":{"line":112,"column":66},"end":{"line":112,"column":70}}],"line":112},"10":{"loc":{"start":{"line":113,"column":2},"end":{"line":113,"column":67}},"type":"cond-expr","locations":[{"start":{"line":113,"column":20},"end":{"line":113,"column":59}},{"start":{"line":113,"column":63},"end":{"line":113,"column":67}}],"line":113},"11":{"loc":{"start":{"line":114,"column":2},"end":{"line":114,"column":73}},"type":"cond-expr","locations":[{"start":{"line":114,"column":22},"end":{"line":114,"column":65}},{"start":{"line":114,"column":69},"end":{"line":114,"column":73}}],"line":114},"12":{"loc":{"start":{"line":115,"column":2},"end":{"line":115,"column":79}},"type":"cond-expr","locations":[{"start":{"line":115,"column":24},"end":{"line":115,"column":71}},{"start":{"line":115,"column":75},"end":{"line":115,"column":79}}],"line":115},"13":{"loc":{"start":{"line":117,"column":24},"end":{"line":117,"column":100}},"type":"binary-expr","locations":[{"start":{"line":117,"column":24},"end":{"line":117,"column":43}},{"start":{"line":117,"column":47},"end":{"line":117,"column":100}}],"line":117},"14":{"loc":{"start":{"line":118,"column":2},"end":{"line":121,"column":3}},"type":"if","locations":[{"start":{"line":118,"column":2},"end":{"line":121,"column":3}},{"start":{"line":118,"column":2},"end":{"line":121,"column":3}}],"line":118},"15":{"loc":{"start":{"line":130,"column":6},"end":{"line":167,"column":7}},"type":"if","locations":[{"start":{"line":130,"column":6},"end":{"line":167,"column":7}},{"start":{"line":130,"column":6},"end":{"line":167,"column":7}}],"line":130},"16":{"loc":{"start":{"line":133,"column":19},"end":{"line":133,"column":52}},"type":"binary-expr","locations":[{"start":{"line":133,"column":19},"end":{"line":133,"column":30}},{"start":{"line":133,"column":34},"end":{"line":133,"column":52}}],"line":133},"17":{"loc":{"start":{"line":136,"column":8},"end":{"line":141,"column":9}},"type":"if","locations":[{"start":{"line":136,"column":8},"end":{"line":141,"column":9}},{"start":{"line":136,"column":8},"end":{"line":141,"column":9}}],"line":136},"18":{"loc":{"start":{"line":147,"column":14},"end":{"line":152,"column":15}},"type":"if","locations":[{"start":{"line":147,"column":14},"end":{"line":152,"column":15}},{"start":{"line":147,"column":14},"end":{"line":152,"column":15}}],"line":147},"19":{"loc":{"start":{"line":150,"column":27},"end":{"line":150,"column":69}},"type":"binary-expr","locations":[{"start":{"line":150,"column":27},"end":{"line":150,"column":38}},{"start":{"line":150,"column":42},"end":{"line":150,"column":69}}],"line":150},"20":{"loc":{"start":{"line":164,"column":23},"end":{"line":164,"column":75}},"type":"binary-expr","locations":[{"start":{"line":164,"column":23},"end":{"line":164,"column":34}},{"start":{"line":164,"column":38},"end":{"line":164,"column":75}}],"line":164},"21":{"loc":{"start":{"line":185,"column":17},"end":{"line":185,"column":50}},"type":"binary-expr","locations":[{"start":{"line":185,"column":17},"end":{"line":185,"column":28}},{"start":{"line":185,"column":32},"end":{"line":185,"column":50}}],"line":185},"22":{"loc":{"start":{"line":205,"column":17},"end":{"line":205,"column":56}},"type":"binary-expr","locations":[{"start":{"line":205,"column":17},"end":{"line":205,"column":28}},{"start":{"line":205,"column":32},"end":{"line":205,"column":56}}],"line":205},"23":{"loc":{"start":{"line":223,"column":21},"end":{"line":223,"column":59}},"type":"binary-expr","locations":[{"start":{"line":223,"column":21},"end":{"line":223,"column":32}},{"start":{"line":223,"column":36},"end":{"line":223,"column":59}}],"line":223},"24":{"loc":{"start":{"line":293,"column":17},"end":{"line":293,"column":55}},"type":"binary-expr","locations":[{"start":{"line":293,"column":17},"end":{"line":293,"column":28}},{"start":{"line":293,"column":32},"end":{"line":293,"column":55}}],"line":293}},"s":{"0":1,"1":1,"2":1,"3":1,"4":1,"5":1,"6":1,"7":1,"8":6,"9":6,"10":1,"11":0,"12":1,"13":0,"14":1,"15":0,"16":0,"17":0,"18":0,"19":1,"20":0,"21":0,"22":0,"23":0,"24":0,"25":0,"26":1,"27":0,"28":0,"29":0,"30":1,"31":0,"32":0,"33":0,"34":0,"35":0,"36":0,"37":0,"38":0,"39":0,"40":0,"41":0,"42":0,"43":0,"44":0,"45":0,"46":0,"47":0,"48":0,"49":0,"50":0,"51":0,"52":0,"53":0,"54":0,"55":0,"56":0,"57":1,"58":0,"59":0,"60":0,"61":1,"62":0,"63":0,"64":0,"65":1,"66":0,"67":0,"68":0,"69":1,"70":0,"71":0,"72":0,"73":0,"74":1,"75":0,"76":0,"77":0,"78":0},"f":{"0":6,"1":0,"2":0,"3":0,"4":0,"5":0,"6":0,"7":0,"8":0,"9":0,"10":0,"11":0,"12":0,"13":0,"14":0,"15":0,"16":0,"17":0,"18":0,"19":0,"20":0,"21":0,"22":0,"23":0,"24":0,"25":0,"26":0,"27":0,"28":0},"b":{"0":[0,0],"1":[0,0],"2":[0,0],"3":[0,0],"4":[0,0],"5":[0,0],"6":[0,0],"7":[0,0],"8":[0,0],"9":[0,0],"10":[0,0],"11":[0,0],"12":[0,0],"13":[0,0],"14":[0,0],"15":[0,0],"16":[0,0],"17":[0,0],"18":[0,0],"19":[0,0],"20":[0,0],"21":[0,0],"22":[0,0],"23":[0,0],"24":[0,0]},"_coverageSchema":"43e27e138ebf9cfc5966b082cf9a028302ed4184","hash":"0e0189d1fa5968b18d1db1552725d7cd5c8247fb","contentHash":"3d412b844dfd8c3310938d2d20dd914b5676277ff00c30bf3c8ca18b5b4c0d25"},"/home/elfarabi/Documents/Film/Project/SampahAnugerah/Backend-Sampan/models/user.js":{"path":"/home/elfarabi/Documents/Film/Project/SampahAnugerah/Backend-Sampan/models/user.js","statementMap":{"0":{"start":{"line":1,"column":17},"end":{"line":1,"column":36}},"1":{"start":{"line":2,"column":11},"end":{"line":2,"column":26}},"2":{"start":{"line":3,"column":20},"end":{"line":3,"column":56}},"3":{"start":{"line":4,"column":21},"end":{"line":4,"column":49}},"4":{"start":{"line":5,"column":2},"end":{"line":5,"column":31}},"5":{"start":{"line":8,"column":19},"end":{"line":96,"column":1}},"6":{"start":{"line":98,"column":0},"end":{"line":100,"column":3}},"7":{"start":{"line":102,"column":0},"end":{"line":116,"column":3}},"8":{"start":{"line":103,"column":2},"end":{"line":115,"column":3}},"9":{"start":{"line":104,"column":4},"end":{"line":106,"column":5}},"10":{"start":{"line":105,"column":6},"end":{"line":105,"column":13}},"11":{"start":{"line":108,"column":17},"end":{"line":108,"column":41}},"12":{"start":{"line":110,"column":25},"end":{"line":110,"column":69}},"13":{"start":{"line":112,"column":4},"end":{"line":112,"column":39}},"14":{"start":{"line":114,"column":4},"end":{"line":114,"column":16}},"15":{"start":{"line":118,"column":0},"end":{"line":124,"column":2}},"16":{"start":{"line":119,"column":2},"end":{"line":123,"column":3}},"17":{"start":{"line":120,"column":4},"end":{"line":120,"column":66}},"18":{"start":{"line":122,"column":4},"end":{"line":122,"column":16}},"19":{"start":{"line":125,"column":0},"end":{"line":125,"column":35}},"20":{"start":{"line":127,"column":0},"end":{"line":127,"column":52}}},"fnMap":{"0":{"name":"(anonymous_0)","decl":{"start":{"line":102,"column":23},"end":{"line":102,"column":24}},"loc":{"start":{"line":102,"column":44},"end":{"line":116,"column":1}},"line":102},"1":{"name":"(anonymous_1)","decl":{"start":{"line":118,"column":37},"end":{"line":118,"column":38}},"loc":{"start":{"line":118,"column":65},"end":{"line":124,"column":1}},"line":118}},"branchMap":{"0":{"loc":{"start":{"line":104,"column":4},"end":{"line":106,"column":5}},"type":"if","locations":[{"start":{"line":104,"column":4},"end":{"line":106,"column":5}},{"start":{"line":104,"column":4},"end":{"line":106,"column":5}}],"line":104}},"s":{"0":1,"1":1,"2":1,"3":1,"4":1,"5":1,"6":1,"7":1,"8":3,"9":3,"10":3,"11":3,"12":3,"13":3,"14":0,"15":1,"16":0,"17":0,"18":0,"19":1,"20":1},"f":{"0":3,"1":0},"b":{"0":[3,0]},"_coverageSchema":"43e27e138ebf9cfc5966b082cf9a028302ed4184","hash":"a6f8123bfde906dd1ca0eff61f1d7ae64ea77168","contentHash":"3da5d3506db4a282c5a2fdd9d0008a809167ba8a540611e4a3aa2d34c87dbc5c"},"/home/elfarabi/Documents/Film/Project/SampahAnugerah/Backend-Sampan/models/trainingcode.js":{"path":"/home/elfarabi/Documents/Film/Project/SampahAnugerah/Backend-Sampan/models/trainingcode.js","statementMap":{"0":{"start":{"line":1,"column":17},"end":{"line":1,"column":36}},"1":{"start":{"line":2,"column":11},"end":{"line":2,"column":26}},"2":{"start":{"line":3,"column":20},"end":{"line":3,"column":56}},"3":{"start":{"line":4,"column":21},"end":{"line":4,"column":49}},"4":{"start":{"line":8,"column":27},"end":{"line":24,"column":1}},"5":{"start":{"line":26,"column":0},"end":{"line":28,"column":2}},"6":{"start":{"line":30,"column":0},"end":{"line":30,"column":43}},"7":{"start":{"line":33,"column":0},"end":{"line":33,"column":63}}},"fnMap":{},"branchMap":{},"s":{"0":1,"1":1,"2":1,"3":1,"4":1,"5":1,"6":1,"7":1},"f":{},"b":{},"_coverageSchema":"43e27e138ebf9cfc5966b082cf9a028302ed4184","hash":"b9c84438750a0315e32dea470e00da1999721be9","contentHash":"9416cc9e2a2a2c09e7313f7b99ea05348afd404cf3576e8ac0fdcbd75f1eea15"},"/home/elfarabi/Documents/Film/Project/SampahAnugerah/Backend-Sampan/models/transaction.js":{"path":"/home/elfarabi/Documents/Film/Project/SampahAnugerah/Backend-Sampan/models/transaction.js","statementMap":{"0":{"start":{"line":1,"column":17},"end":{"line":1,"column":36}},"1":{"start":{"line":2,"column":11},"end":{"line":2,"column":26}},"2":{"start":{"line":5,"column":26},"end":{"line":42,"column":1}},"3":{"start":{"line":46,"column":0},"end":{"line":46,"column":65}}},"fnMap":{},"branchMap":{},"s":{"0":1,"1":1,"2":1,"3":1},"f":{},"b":{},"_coverageSchema":"43e27e138ebf9cfc5966b082cf9a028302ed4184","hash":"61786525270ee0a1e67e208c6e8e1fc1e2b05aea","contentHash":"676981bbeae33c74a0aafc511491d9a8583491dd8a7acad90d1d977534a640fd"},"/home/elfarabi/Documents/Film/Project/SampahAnugerah/Backend-Sampan/controllers/item.js":{"path":"/home/elfarabi/Documents/Film/Project/SampahAnugerah/Backend-Sampan/controllers/item.js","statementMap":{"0":{"start":{"line":1,"column":13},"end":{"line":1,"column":38}},"1":{"start":{"line":2,"column":13},"end":{"line":2,"column":38}},"2":{"start":{"line":3,"column":17},"end":{"line":3,"column":46}},"3":{"start":{"line":4,"column":14},"end":{"line":4,"column":40}},"4":{"start":{"line":5,"column":13},"end":{"line":5,"column":38}},"5":{"start":{"line":7,"column":0},"end":{"line":52,"column":1}},"6":{"start":{"line":8,"column":2},"end":{"line":51,"column":4}},"7":{"start":{"line":9,"column":4},"end":{"line":14,"column":5}},"8":{"start":{"line":10,"column":6},"end":{"line":13,"column":8}},"9":{"start":{"line":16,"column":4},"end":{"line":21,"column":5}},"10":{"start":{"line":17,"column":23},"end":{"line":17,"column":25}},"11":{"start":{"line":18,"column":6},"end":{"line":20,"column":7}},"12":{"start":{"line":18,"column":19},"end":{"line":18,"column":20}},"13":{"start":{"line":19,"column":8},"end":{"line":19,"column":41}},"14":{"start":{"line":23,"column":20},"end":{"line":34,"column":6}},"15":{"start":{"line":36,"column":4},"end":{"line":50,"column":8}},"16":{"start":{"line":38,"column":8},"end":{"line":38,"column":30}},"17":{"start":{"line":39,"column":8},"end":{"line":43,"column":10}},"18":{"start":{"line":46,"column":8},"end":{"line":49,"column":10}},"19":{"start":{"line":54,"column":0},"end":{"line":72,"column":2}},"20":{"start":{"line":55,"column":2},"end":{"line":71,"column":7}},"21":{"start":{"line":60,"column":6},"end":{"line":64,"column":9}},"22":{"start":{"line":67,"column":6},"end":{"line":70,"column":9}},"23":{"start":{"line":74,"column":0},"end":{"line":94,"column":1}},"24":{"start":{"line":75,"column":2},"end":{"line":93,"column":6}},"25":{"start":{"line":82,"column":6},"end":{"line":86,"column":9}},"26":{"start":{"line":89,"column":6},"end":{"line":92,"column":9}},"27":{"start":{"line":96,"column":0},"end":{"line":118,"column":1}},"28":{"start":{"line":97,"column":2},"end":{"line":117,"column":6}},"29":{"start":{"line":106,"column":6},"end":{"line":110,"column":9}},"30":{"start":{"line":113,"column":6},"end":{"line":116,"column":9}},"31":{"start":{"line":120,"column":0},"end":{"line":142,"column":1}},"32":{"start":{"line":121,"column":2},"end":{"line":141,"column":6}},"33":{"start":{"line":130,"column":6},"end":{"line":134,"column":9}},"34":{"start":{"line":137,"column":6},"end":{"line":140,"column":9}},"35":{"start":{"line":144,"column":0},"end":{"line":186,"column":1}},"36":{"start":{"line":145,"column":2},"end":{"line":185,"column":6}},"37":{"start":{"line":147,"column":6},"end":{"line":152,"column":7}},"38":{"start":{"line":148,"column":28},"end":{"line":148,"column":30}},"39":{"start":{"line":149,"column":8},"end":{"line":151,"column":9}},"40":{"start":{"line":149,"column":21},"end":{"line":149,"column":22}},"41":{"start":{"line":150,"column":10},"end":{"line":150,"column":47}},"42":{"start":{"line":154,"column":17},"end":{"line":154,"column":19}},"43":{"start":{"line":155,"column":6},"end":{"line":155,"column":58}},"44":{"start":{"line":156,"column":6},"end":{"line":156,"column":61}},"45":{"start":{"line":157,"column":6},"end":{"line":157,"column":58}},"46":{"start":{"line":158,"column":6},"end":{"line":158,"column":64}},"47":{"start":{"line":159,"column":6},"end":{"line":159,"column":61}},"48":{"start":{"line":160,"column":6},"end":{"line":160,"column":79}},"49":{"start":{"line":161,"column":6},"end":{"line":161,"column":56}},"50":{"start":{"line":163,"column":6},"end":{"line":177,"column":10}},"51":{"start":{"line":165,"column":10},"end":{"line":169,"column":12}},"52":{"start":{"line":172,"column":10},"end":{"line":176,"column":12}},"53":{"start":{"line":180,"column":6},"end":{"line":184,"column":8}},"54":{"start":{"line":188,"column":0},"end":{"line":213,"column":1}},"55":{"start":{"line":189,"column":2},"end":{"line":212,"column":4}},"56":{"start":{"line":191,"column":4},"end":{"line":211,"column":4}},"57":{"start":{"line":194,"column":6},"end":{"line":198,"column":8}},"58":{"start":{"line":201,"column":6},"end":{"line":204,"column":8}},"59":{"start":{"line":207,"column":4},"end":{"line":210,"column":6}},"60":{"start":{"line":215,"column":0},"end":{"line":316,"column":1}},"61":{"start":{"line":216,"column":15},"end":{"line":216,"column":48}},"62":{"start":{"line":217,"column":2},"end":{"line":315,"column":6}},"63":{"start":{"line":254,"column":6},"end":{"line":254,"column":35}},"64":{"start":{"line":255,"column":6},"end":{"line":255,"column":28}},"65":{"start":{"line":256,"column":6},"end":{"line":256,"column":28}},"66":{"start":{"line":257,"column":6},"end":{"line":257,"column":28}},"67":{"start":{"line":258,"column":6},"end":{"line":258,"column":28}},"68":{"start":{"line":259,"column":17},"end":{"line":259,"column":19}},"69":{"start":{"line":260,"column":18},"end":{"line":260,"column":19}},"70":{"start":{"line":261,"column":6},"end":{"line":270,"column":7}},"71":{"start":{"line":262,"column":8},"end":{"line":267,"column":10}},"72":{"start":{"line":263,"column":10},"end":{"line":266,"column":11}},"73":{"start":{"line":269,"column":8},"end":{"line":269,"column":33}},"74":{"start":{"line":272,"column":6},"end":{"line":280,"column":7}},"75":{"start":{"line":273,"column":8},"end":{"line":278,"column":10}},"76":{"start":{"line":274,"column":10},"end":{"line":277,"column":11}},"77":{"start":{"line":279,"column":8},"end":{"line":279,"column":33}},"78":{"start":{"line":282,"column":6},"end":{"line":290,"column":7}},"79":{"start":{"line":283,"column":8},"end":{"line":288,"column":10}},"80":{"start":{"line":284,"column":10},"end":{"line":287,"column":12}},"81":{"start":{"line":289,"column":8},"end":{"line":289,"column":33}},"82":{"start":{"line":292,"column":6},"end":{"line":300,"column":7}},"83":{"start":{"line":293,"column":8},"end":{"line":298,"column":10}},"84":{"start":{"line":294,"column":10},"end":{"line":297,"column":12}},"85":{"start":{"line":299,"column":8},"end":{"line":299,"column":33}},"86":{"start":{"line":302,"column":6},"end":{"line":307,"column":8}},"87":{"start":{"line":310,"column":6},"end":{"line":310,"column":22}},"88":{"start":{"line":311,"column":6},"end":{"line":314,"column":8}}},"fnMap":{"0":{"name":"(anonymous_0)","decl":{"start":{"line":7,"column":17},"end":{"line":7,"column":18}},"loc":{"start":{"line":7,"column":31},"end":{"line":52,"column":1}},"line":7},"1":{"name":"(anonymous_1)","decl":{"start":{"line":8,"column":65},"end":{"line":8,"column":66}},"loc":{"start":{"line":8,"column":74},"end":{"line":51,"column":3}},"line":8},"2":{"name":"(anonymous_2)","decl":{"start":{"line":37,"column":12},"end":{"line":37,"column":13}},"loc":{"start":{"line":37,"column":27},"end":{"line":44,"column":7}},"line":37},"3":{"name":"(anonymous_3)","decl":{"start":{"line":45,"column":13},"end":{"line":45,"column":14}},"loc":{"start":{"line":45,"column":22},"end":{"line":50,"column":7}},"line":45},"4":{"name":"(anonymous_4)","decl":{"start":{"line":54,"column":17},"end":{"line":54,"column":18}},"loc":{"start":{"line":54,"column":31},"end":{"line":72,"column":1}},"line":54},"5":{"name":"(anonymous_5)","decl":{"start":{"line":59,"column":10},"end":{"line":59,"column":11}},"loc":{"start":{"line":59,"column":20},"end":{"line":65,"column":5}},"line":59},"6":{"name":"(anonymous_6)","decl":{"start":{"line":66,"column":11},"end":{"line":66,"column":12}},"loc":{"start":{"line":66,"column":20},"end":{"line":71,"column":5}},"line":66},"7":{"name":"(anonymous_7)","decl":{"start":{"line":74,"column":14},"end":{"line":74,"column":15}},"loc":{"start":{"line":74,"column":28},"end":{"line":94,"column":1}},"line":74},"8":{"name":"(anonymous_8)","decl":{"start":{"line":81,"column":10},"end":{"line":81,"column":11}},"loc":{"start":{"line":81,"column":18},"end":{"line":87,"column":5}},"line":81},"9":{"name":"(anonymous_9)","decl":{"start":{"line":88,"column":11},"end":{"line":88,"column":12}},"loc":{"start":{"line":88,"column":20},"end":{"line":93,"column":5}},"line":88},"10":{"name":"(anonymous_10)","decl":{"start":{"line":96,"column":18},"end":{"line":96,"column":19}},"loc":{"start":{"line":96,"column":32},"end":{"line":118,"column":1}},"line":96},"11":{"name":"(anonymous_11)","decl":{"start":{"line":105,"column":10},"end":{"line":105,"column":11}},"loc":{"start":{"line":105,"column":18},"end":{"line":111,"column":5}},"line":105},"12":{"name":"(anonymous_12)","decl":{"start":{"line":112,"column":11},"end":{"line":112,"column":12}},"loc":{"start":{"line":112,"column":20},"end":{"line":117,"column":5}},"line":112},"13":{"name":"(anonymous_13)","decl":{"start":{"line":120,"column":20},"end":{"line":120,"column":21}},"loc":{"start":{"line":120,"column":34},"end":{"line":142,"column":1}},"line":120},"14":{"name":"(anonymous_14)","decl":{"start":{"line":129,"column":10},"end":{"line":129,"column":11}},"loc":{"start":{"line":129,"column":18},"end":{"line":135,"column":5}},"line":129},"15":{"name":"(anonymous_15)","decl":{"start":{"line":136,"column":11},"end":{"line":136,"column":12}},"loc":{"start":{"line":136,"column":20},"end":{"line":141,"column":5}},"line":136},"16":{"name":"(anonymous_16)","decl":{"start":{"line":144,"column":17},"end":{"line":144,"column":18}},"loc":{"start":{"line":144,"column":31},"end":{"line":186,"column":1}},"line":144},"17":{"name":"(anonymous_17)","decl":{"start":{"line":146,"column":10},"end":{"line":146,"column":11}},"loc":{"start":{"line":146,"column":20},"end":{"line":178,"column":5}},"line":146},"18":{"name":"(anonymous_18)","decl":{"start":{"line":164,"column":14},"end":{"line":164,"column":15}},"loc":{"start":{"line":164,"column":24},"end":{"line":170,"column":9}},"line":164},"19":{"name":"(anonymous_19)","decl":{"start":{"line":171,"column":15},"end":{"line":171,"column":16}},"loc":{"start":{"line":171,"column":24},"end":{"line":177,"column":9}},"line":171},"20":{"name":"(anonymous_20)","decl":{"start":{"line":179,"column":11},"end":{"line":179,"column":12}},"loc":{"start":{"line":179,"column":20},"end":{"line":185,"column":5}},"line":179},"21":{"name":"(anonymous_21)","decl":{"start":{"line":188,"column":17},"end":{"line":188,"column":18}},"loc":{"start":{"line":188,"column":31},"end":{"line":213,"column":1}},"line":188},"22":{"name":"(anonymous_22)","decl":{"start":{"line":190,"column":8},"end":{"line":190,"column":9}},"loc":{"start":{"line":190,"column":17},"end":{"line":212,"column":3}},"line":190},"23":{"name":"(anonymous_23)","decl":{"start":{"line":193,"column":10},"end":{"line":193,"column":11}},"loc":{"start":{"line":193,"column":20},"end":{"line":199,"column":5}},"line":193},"24":{"name":"(anonymous_24)","decl":{"start":{"line":200,"column":11},"end":{"line":200,"column":12}},"loc":{"start":{"line":200,"column":20},"end":{"line":205,"column":5}},"line":200},"25":{"name":"(anonymous_25)","decl":{"start":{"line":206,"column":9},"end":{"line":206,"column":10}},"loc":{"start":{"line":206,"column":16},"end":{"line":211,"column":3}},"line":206},"26":{"name":"(anonymous_26)","decl":{"start":{"line":215,"column":15},"end":{"line":215,"column":16}},"loc":{"start":{"line":215,"column":35},"end":{"line":316,"column":1}},"line":215},"27":{"name":"(anonymous_27)","decl":{"start":{"line":253,"column":10},"end":{"line":253,"column":11}},"loc":{"start":{"line":253,"column":22},"end":{"line":308,"column":5}},"line":253},"28":{"name":"(anonymous_28)","decl":{"start":{"line":262,"column":34},"end":{"line":262,"column":35}},"loc":{"start":{"line":262,"column":50},"end":{"line":267,"column":9}},"line":262},"29":{"name":"(anonymous_29)","decl":{"start":{"line":273,"column":38},"end":{"line":273,"column":39}},"loc":{"start":{"line":273,"column":58},"end":{"line":278,"column":9}},"line":273},"30":{"name":"(anonymous_30)","decl":{"start":{"line":283,"column":35},"end":{"line":283,"column":36}},"loc":{"start":{"line":283,"column":52},"end":{"line":288,"column":9}},"line":283},"31":{"name":"(anonymous_31)","decl":{"start":{"line":293,"column":34},"end":{"line":293,"column":35}},"loc":{"start":{"line":293,"column":50},"end":{"line":298,"column":9}},"line":293},"32":{"name":"(anonymous_32)","decl":{"start":{"line":309,"column":11},"end":{"line":309,"column":12}},"loc":{"start":{"line":309,"column":20},"end":{"line":315,"column":5}},"line":309}},"branchMap":{"0":{"loc":{"start":{"line":9,"column":4},"end":{"line":14,"column":5}},"type":"if","locations":[{"start":{"line":9,"column":4},"end":{"line":14,"column":5}},{"start":{"line":9,"column":4},"end":{"line":14,"column":5}}],"line":9},"1":{"loc":{"start":{"line":16,"column":4},"end":{"line":21,"column":5}},"type":"if","locations":[{"start":{"line":16,"column":4},"end":{"line":21,"column":5}},{"start":{"line":16,"column":4},"end":{"line":21,"column":5}}],"line":16},"2":{"loc":{"start":{"line":33,"column":14},"end":{"line":33,"column":42}},"type":"cond-expr","locations":[{"start":{"line":33,"column":27},"end":{"line":33,"column":37}},{"start":{"line":33,"column":40},"end":{"line":33,"column":42}}],"line":33},"3":{"loc":{"start":{"line":147,"column":6},"end":{"line":152,"column":7}},"type":"if","locations":[{"start":{"line":147,"column":6},"end":{"line":152,"column":7}},{"start":{"line":147,"column":6},"end":{"line":152,"column":7}}],"line":147},"4":{"loc":{"start":{"line":155,"column":6},"end":{"line":155,"column":57}},"type":"cond-expr","locations":[{"start":{"line":155,"column":22},"end":{"line":155,"column":50}},{"start":{"line":155,"column":53},"end":{"line":155,"column":57}}],"line":155},"5":{"loc":{"start":{"line":156,"column":6},"end":{"line":156,"column":60}},"type":"cond-expr","locations":[{"start":{"line":156,"column":23},"end":{"line":156,"column":53}},{"start":{"line":156,"column":56},"end":{"line":156,"column":60}}],"line":156},"6":{"loc":{"start":{"line":157,"column":6},"end":{"line":157,"column":57}},"type":"cond-expr","locations":[{"start":{"line":157,"column":22},"end":{"line":157,"column":50}},{"start":{"line":157,"column":53},"end":{"line":157,"column":57}}],"line":157},"7":{"loc":{"start":{"line":158,"column":6},"end":{"line":158,"column":63}},"type":"cond-expr","locations":[{"start":{"line":158,"column":24},"end":{"line":158,"column":56}},{"start":{"line":158,"column":59},"end":{"line":158,"column":63}}],"line":158},"8":{"loc":{"start":{"line":159,"column":6},"end":{"line":159,"column":60}},"type":"cond-expr","locations":[{"start":{"line":159,"column":23},"end":{"line":159,"column":53}},{"start":{"line":159,"column":56},"end":{"line":159,"column":60}}],"line":159},"9":{"loc":{"start":{"line":160,"column":6},"end":{"line":160,"column":78}},"type":"cond-expr","locations":[{"start":{"line":160,"column":29},"end":{"line":160,"column":71}},{"start":{"line":160,"column":74},"end":{"line":160,"column":78}}],"line":160},"10":{"loc":{"start":{"line":161,"column":6},"end":{"line":161,"column":55}},"type":"cond-expr","locations":[{"start":{"line":161,"column":18},"end":{"line":161,"column":48}},{"start":{"line":161,"column":51},"end":{"line":161,"column":55}}],"line":161},"11":{"loc":{"start":{"line":261,"column":6},"end":{"line":270,"column":7}},"type":"if","locations":[{"start":{"line":261,"column":6},"end":{"line":270,"column":7}},{"start":{"line":261,"column":6},"end":{"line":270,"column":7}}],"line":261},"12":{"loc":{"start":{"line":272,"column":6},"end":{"line":280,"column":7}},"type":"if","locations":[{"start":{"line":272,"column":6},"end":{"line":280,"column":7}},{"start":{"line":272,"column":6},"end":{"line":280,"column":7}}],"line":272},"13":{"loc":{"start":{"line":282,"column":6},"end":{"line":290,"column":7}},"type":"if","locations":[{"start":{"line":282,"column":6},"end":{"line":290,"column":7}},{"start":{"line":282,"column":6},"end":{"line":290,"column":7}}],"line":282},"14":{"loc":{"start":{"line":292,"column":6},"end":{"line":300,"column":7}},"type":"if","locations":[{"start":{"line":292,"column":6},"end":{"line":300,"column":7}},{"start":{"line":292,"column":6},"end":{"line":300,"column":7}}],"line":292},"15":{"loc":{"start":{"line":304,"column":17},"end":{"line":304,"column":50}},"type":"cond-expr","locations":[{"start":{"line":304,"column":29},"end":{"line":304,"column":36}},{"start":{"line":304,"column":39},"end":{"line":304,"column":50}}],"line":304}},"s":{"0":1,"1":1,"2":1,"3":1,"4":1,"5":1,"6":0,"7":0,"8":0,"9":0,"10":0,"11":0,"12":0,"13":0,"14":0,"15":0,"16":0,"17":0,"18":0,"19":1,"20":0,"21":0,"22":0,"23":1,"24":0,"25":0,"26":0,"27":1,"28":0,"29":0,"30":0,"31":1,"32":0,"33":0,"34":0,"35":1,"36":0,"37":0,"38":0,"39":0,"40":0,"41":0,"42":0,"43":0,"44":0,"45":0,"46":0,"47":0,"48":0,"49":0,"50":0,"51":0,"52":0,"53":0,"54":1,"55":0,"56":0,"57":0,"58":0,"59":0,"60":1,"61":0,"62":0,"63":0,"64":0,"65":0,"66":0,"67":0,"68":0,"69":0,"70":0,"71":0,"72":0,"73":0,"74":0,"75":0,"76":0,"77":0,"78":0,"79":0,"80":0,"81":0,"82":0,"83":0,"84":0,"85":0,"86":0,"87":0,"88":0},"f":{"0":0,"1":0,"2":0,"3":0,"4":0,"5":0,"6":0,"7":0,"8":0,"9":0,"10":0,"11":0,"12":0,"13":0,"14":0,"15":0,"16":0,"17":0,"18":0,"19":0,"20":0,"21":0,"22":0,"23":0,"24":0,"25":0,"26":0,"27":0,"28":0,"29":0,"30":0,"31":0,"32":0},"b":{"0":[0,0],"1":[0,0],"2":[0,0],"3":[0,0],"4":[0,0],"5":[0,0],"6":[0,0],"7":[0,0],"8":[0,0],"9":[0,0],"10":[0,0],"11":[0,0],"12":[0,0],"13":[0,0],"14":[0,0],"15":[0,0]},"_coverageSchema":"43e27e138ebf9cfc5966b082cf9a028302ed4184","hash":"edc52676f0561c621f7cca747d74e2f49351e52f","contentHash":"d096c9ca2224f527b5104bd72e41fe6b111104f5edf5b9466a1416b41955a678"},"/home/elfarabi/Documents/Film/Project/SampahAnugerah/Backend-Sampan/models/item.js":{"path":"/home/elfarabi/Documents/Film/Project/SampahAnugerah/Backend-Sampan/models/item.js","statementMap":{"0":{"start":{"line":1,"column":17},"end":{"line":1,"column":36}},"1":{"start":{"line":2,"column":25},"end":{"line":2,"column":53}},"2":{"start":{"line":3,"column":19},"end":{"line":3,"column":50}},"3":{"start":{"line":6,"column":19},"end":{"line":6,"column":27}},"4":{"start":{"line":7,"column":19},"end":{"line":21,"column":23}},"5":{"start":{"line":23,"column":2},"end":{"line":23,"column":37}},"6":{"start":{"line":24,"column":2},"end":{"line":24,"column":69}},"7":{"start":{"line":26,"column":0},"end":{"line":26,"column":52}}},"fnMap":{},"branchMap":{},"s":{"0":1,"1":1,"2":1,"3":1,"4":1,"5":1,"6":1,"7":1},"f":{},"b":{},"_coverageSchema":"43e27e138ebf9cfc5966b082cf9a028302ed4184","hash":"5cf49785c73e1db1f9237c45d3b35143ae18d3ee","contentHash":"1d6b30553c1c843cadff6e6f42edb3e95161fb4ecef173cb2172de0e51c29b73"},"/home/elfarabi/Documents/Film/Project/SampahAnugerah/Backend-Sampan/models/category.js":{"path":"/home/elfarabi/Documents/Film/Project/SampahAnugerah/Backend-Sampan/models/category.js","statementMap":{"0":{"start":{"line":1,"column":17},"end":{"line":1,"column":36}},"1":{"start":{"line":2,"column":19},"end":{"line":2,"column":50}},"2":{"start":{"line":3,"column":19},"end":{"line":3,"column":27}},"3":{"start":{"line":5,"column":23},"end":{"line":11,"column":20}},"4":{"start":{"line":13,"column":0},"end":{"line":13,"column":33}},"5":{"start":{"line":14,"column":0},"end":{"line":14,"column":57}},"6":{"start":{"line":16,"column":0},"end":{"line":16,"column":60}}},"fnMap":{},"branchMap":{},"s":{"0":1,"1":1,"2":1,"3":1,"4":1,"5":1,"6":1},"f":{},"b":{},"_coverageSchema":"43e27e138ebf9cfc5966b082cf9a028302ed4184","hash":"59e0d7d6c0c4334a9fefc6a8cf7d05e08d6c36eb","contentHash":"acae3641d7f596c6f4a35992453713a716f7f468d04895677e7da4c5dc03721b"},"/home/elfarabi/Documents/Film/Project/SampahAnugerah/Backend-Sampan/models/event.js":{"path":"/home/elfarabi/Documents/Film/Project/SampahAnugerah/Backend-Sampan/models/event.js","statementMap":{"0":{"start":{"line":1,"column":17},"end":{"line":1,"column":36}},"1":{"start":{"line":2,"column":21},"end":{"line":2,"column":49}},"2":{"start":{"line":3,"column":11},"end":{"line":3,"column":26}},"3":{"start":{"line":6,"column":20},"end":{"line":36,"column":1}},"4":{"start":{"line":38,"column":0},"end":{"line":38,"column":36}},"5":{"start":{"line":39,"column":0},"end":{"line":39,"column":60}},"6":{"start":{"line":42,"column":0},"end":{"line":42,"column":53}}},"fnMap":{},"branchMap":{},"s":{"0":1,"1":1,"2":1,"3":1,"4":1,"5":1,"6":1},"f":{},"b":{},"_coverageSchema":"43e27e138ebf9cfc5966b082cf9a028302ed4184","hash":"a71dde236a648dad7f2b22eaf4ca74cac5be29c7","contentHash":"79596617d498f0918c1183c375735f9a97cf3b0d750b5ea4e387f53032f2b051"},"/home/elfarabi/Documents/Film/Project/SampahAnugerah/Backend-Sampan/models/city.js":{"path":"/home/elfarabi/Documents/Film/Project/SampahAnugerah/Backend-Sampan/models/city.js","statementMap":{"0":{"start":{"line":1,"column":17},"end":{"line":1,"column":36}},"1":{"start":{"line":3,"column":19},"end":{"line":3,"column":27}},"2":{"start":{"line":4,"column":19},"end":{"line":7,"column":21}},"3":{"start":{"line":9,"column":0},"end":{"line":9,"column":56}},"4":{"start":{"line":11,"column":0},"end":{"line":11,"column":52}}},"fnMap":{},"branchMap":{},"s":{"0":1,"1":1,"2":1,"3":1,"4":1},"f":{},"b":{},"_coverageSchema":"43e27e138ebf9cfc5966b082cf9a028302ed4184","hash":"716569db5d93df05463691d1accfdadc970645d2","contentHash":"c96080acdb9f5f358b1186ae0b86f9dab43e709c0f03ad73bf7800f0772bdb86"},"/home/elfarabi/Documents/Film/Project/SampahAnugerah/Backend-Sampan/helpers/routeHelpers.js":{"path":"/home/elfarabi/Documents/Film/Project/SampahAnugerah/Backend-Sampan/helpers/routeHelpers.js","statementMap":{"0":{"start":{"line":1,"column":12},"end":{"line":1,"column":26}},"1":{"start":{"line":3,"column":0},"end":{"line":23,"column":1}},"2":{"start":{"line":5,"column":6},"end":{"line":14,"column":7}},"3":{"start":{"line":6,"column":25},"end":{"line":6,"column":55}},"4":{"start":{"line":7,"column":10},"end":{"line":12,"column":11}},"5":{"start":{"line":8,"column":14},"end":{"line":11,"column":16}},"6":{"start":{"line":13,"column":10},"end":{"line":13,"column":17}}},"fnMap":{"0":{"name":"(anonymous_0)","decl":{"start":{"line":4,"column":18},"end":{"line":4,"column":19}},"loc":{"start":{"line":4,"column":30},"end":{"line":15,"column":5}},"line":4},"1":{"name":"(anonymous_1)","decl":{"start":{"line":5,"column":14},"end":{"line":5,"column":15}},"loc":{"start":{"line":5,"column":34},"end":{"line":14,"column":7}},"line":5}},"branchMap":{"0":{"loc":{"start":{"line":7,"column":10},"end":{"line":12,"column":11}},"type":"if","locations":[{"start":{"line":7,"column":10},"end":{"line":12,"column":11}},{"start":{"line":7,"column":10},"end":{"line":12,"column":11}}],"line":7}},"s":{"0":1,"1":1,"2":2,"3":0,"4":0,"5":0,"6":0},"f":{"0":2,"1":0},"b":{"0":[0,0]},"_coverageSchema":"43e27e138ebf9cfc5966b082cf9a028302ed4184","hash":"0a8883530b35ed7517867685a5e896656a90c433","contentHash":"74dd821bc4649e8982041f8562f3013fcf2cc07cec652ea18ffbfbeb7d5f1e1d"},"/home/elfarabi/Documents/Film/Project/SampahAnugerah/Backend-Sampan/routes/user.js":{"path":"/home/elfarabi/Documents/Film/Project/SampahAnugerah/Backend-Sampan/routes/user.js","statementMap":{"0":{"start":{"line":1,"column":15},"end":{"line":1,"column":42}},"1":{"start":{"line":2,"column":17},"end":{"line":2,"column":58}},"2":{"start":{"line":3,"column":20},"end":{"line":3,"column":50}},"3":{"start":{"line":4,"column":26},"end":{"line":4,"column":63}},"4":{"start":{"line":5,"column":13},"end":{"line":5,"column":32}},"5":{"start":{"line":6,"column":17},"end":{"line":6,"column":50}},"6":{"start":{"line":7,"column":16},"end":{"line":7,"column":64}},"7":{"start":{"line":8,"column":17},"end":{"line":8,"column":52}},"8":{"start":{"line":11,"column":0},"end":{"line":11,"column":83}},"9":{"start":{"line":12,"column":0},"end":{"line":12,"column":55}},"10":{"start":{"line":13,"column":0},"end":{"line":13,"column":56}},"11":{"start":{"line":14,"column":0},"end":{"line":14,"column":43}},"12":{"start":{"line":16,"column":0},"end":{"line":16,"column":60}},"13":{"start":{"line":17,"column":0},"end":{"line":17,"column":47}},"14":{"start":{"line":18,"column":0},"end":{"line":18,"column":70}},"15":{"start":{"line":19,"column":0},"end":{"line":19,"column":78}},"16":{"start":{"line":20,"column":0},"end":{"line":20,"column":90}},"17":{"start":{"line":21,"column":0},"end":{"line":21,"column":86}},"18":{"start":{"line":23,"column":0},"end":{"line":23,"column":23}}},"fnMap":{},"branchMap":{},"s":{"0":1,"1":1,"2":1,"3":1,"4":1,"5":1,"6":1,"7":1,"8":1,"9":1,"10":1,"11":1,"12":1,"13":1,"14":1,"15":1,"16":1,"17":1,"18":1},"f":{},"b":{},"_coverageSchema":"43e27e138ebf9cfc5966b082cf9a028302ed4184","hash":"02eefb1899523dd2156592d1cb67edda94a157d2","contentHash":"71496a9712b8a9eb1620d334d06e0876ceb004aaf022601e61cb359c08a276e3"},"/home/elfarabi/Documents/Film/Project/SampahAnugerah/Backend-Sampan/controllers/transaction.js":{"path":"/home/elfarabi/Documents/Film/Project/SampahAnugerah/Backend-Sampan/controllers/transaction.js","statementMap":{"0":{"start":{"line":1,"column":20},"end":{"line":1,"column":52}},"1":{"start":{"line":2,"column":9},"end":{"line":2,"column":34}},"2":{"start":{"line":3,"column":9},"end":{"line":3,"column":34}},"3":{"start":{"line":4,"column":15},"end":{"line":4,"column":43}},"4":{"start":{"line":5,"column":11},"end":{"line":5,"column":42}},"5":{"start":{"line":6,"column":11},"end":{"line":6,"column":28}},"6":{"start":{"line":9,"column":19},"end":{"line":12,"column":1}},"7":{"start":{"line":10,"column":21},"end":{"line":10,"column":76}},"8":{"start":{"line":11,"column":2},"end":{"line":11,"column":20}},"9":{"start":{"line":15,"column":0},"end":{"line":82,"column":1}},"10":{"start":{"line":16,"column":17},"end":{"line":16,"column":28}},"11":{"start":{"line":17,"column":23},"end":{"line":17,"column":31}},"12":{"start":{"line":20,"column":18},"end":{"line":20,"column":38}},"13":{"start":{"line":21,"column":17},"end":{"line":21,"column":19}},"14":{"start":{"line":22,"column":2},"end":{"line":81,"column":6}},"15":{"start":{"line":25,"column":6},"end":{"line":31,"column":8}},"16":{"start":{"line":26,"column":8},"end":{"line":26,"column":39}},"17":{"start":{"line":27,"column":8},"end":{"line":29,"column":9}},"18":{"start":{"line":28,"column":10},"end":{"line":28,"column":46}},"19":{"start":{"line":30,"column":8},"end":{"line":30,"column":38}},"20":{"start":{"line":32,"column":6},"end":{"line":80,"column":10}},"21":{"start":{"line":34,"column":10},"end":{"line":79,"column":14}},"22":{"start":{"line":38,"column":38},"end":{"line":38,"column":42}},"23":{"start":{"line":39,"column":27},"end":{"line":39,"column":29}},"24":{"start":{"line":40,"column":14},"end":{"line":42,"column":16}},"25":{"start":{"line":41,"column":16},"end":{"line":41,"column":47}},"26":{"start":{"line":44,"column":27},"end":{"line":44,"column":47}},"27":{"start":{"line":46,"column":35},"end":{"line":46,"column":37}},"28":{"start":{"line":48,"column":14},"end":{"line":59,"column":16}},"29":{"start":{"line":49,"column":34},"end":{"line":49,"column":36}},"30":{"start":{"line":50,"column":28},"end":{"line":50,"column":29}},"31":{"start":{"line":51,"column":16},"end":{"line":57,"column":18}},"32":{"start":{"line":52,"column":18},"end":{"line":56,"column":19}},"33":{"start":{"line":53,"column":35},"end":{"line":53,"column":67}},"34":{"start":{"line":54,"column":20},"end":{"line":54,"column":44}},"35":{"start":{"line":55,"column":20},"end":{"line":55,"column":112}},"36":{"start":{"line":58,"column":16},"end":{"line":58,"column":114}},"37":{"start":{"line":61,"column":14},"end":{"line":73,"column":16}},"38":{"start":{"line":62,"column":30},"end":{"line":62,"column":32}},"39":{"start":{"line":63,"column":31},"end":{"line":63,"column":33}},"40":{"start":{"line":64,"column":26},"end":{"line":64,"column":28}},"41":{"start":{"line":65,"column":38},"end":{"line":65,"column":39}},"42":{"start":{"line":67,"column":16},"end":{"line":72,"column":18}},"43":{"start":{"line":68,"column":18},"end":{"line":68,"column":72}},"44":{"start":{"line":69,"column":18},"end":{"line":69,"column":57}},"45":{"start":{"line":70,"column":18},"end":{"line":70,"column":51}},"46":{"start":{"line":71,"column":18},"end":{"line":71,"column":45}},"47":{"start":{"line":75,"column":14},"end":{"line":78,"column":16}},"48":{"start":{"line":85,"column":0},"end":{"line":183,"column":1}},"49":{"start":{"line":86,"column":17},"end":{"line":86,"column":28}},"50":{"start":{"line":87,"column":15},"end":{"line":87,"column":17}},"51":{"start":{"line":88,"column":23},"end":{"line":88,"column":25}},"52":{"start":{"line":90,"column":2},"end":{"line":182,"column":6}},"53":{"start":{"line":93,"column":25},"end":{"line":93,"column":29}},"54":{"start":{"line":95,"column":6},"end":{"line":97,"column":8}},"55":{"start":{"line":96,"column":8},"end":{"line":96,"column":38}},"56":{"start":{"line":99,"column":6},"end":{"line":114,"column":8}},"57":{"start":{"line":100,"column":8},"end":{"line":113,"column":12}},"58":{"start":{"line":102,"column":12},"end":{"line":112,"column":13}},"59":{"start":{"line":103,"column":14},"end":{"line":106,"column":16}},"60":{"start":{"line":109,"column":14},"end":{"line":109,"column":46}},"61":{"start":{"line":110,"column":14},"end":{"line":110,"column":48}},"62":{"start":{"line":111,"column":14},"end":{"line":111,"column":25}},"63":{"start":{"line":116,"column":19},"end":{"line":116,"column":39}},"64":{"start":{"line":118,"column":6},"end":{"line":129,"column":8}},"65":{"start":{"line":119,"column":24},"end":{"line":119,"column":26}},"66":{"start":{"line":120,"column":20},"end":{"line":120,"column":21}},"67":{"start":{"line":121,"column":8},"end":{"line":127,"column":10}},"68":{"start":{"line":122,"column":10},"end":{"line":126,"column":11}},"69":{"start":{"line":123,"column":27},"end":{"line":123,"column":53}},"70":{"start":{"line":124,"column":12},"end":{"line":124,"column":36}},"71":{"start":{"line":125,"column":12},"end":{"line":125,"column":94}},"72":{"start":{"line":128,"column":8},"end":{"line":128,"column":82}},"73":{"start":{"line":131,"column":20},"end":{"line":131,"column":22}},"74":{"start":{"line":133,"column":6},"end":{"line":155,"column":8}},"75":{"start":{"line":134,"column":22},"end":{"line":134,"column":24}},"76":{"start":{"line":135,"column":23},"end":{"line":135,"column":25}},"77":{"start":{"line":136,"column":18},"end":{"line":136,"column":20}},"78":{"start":{"line":137,"column":25},"end":{"line":137,"column":26}},"79":{"start":{"line":139,"column":8},"end":{"line":144,"column":10}},"80":{"start":{"line":140,"column":10},"end":{"line":140,"column":54}},"81":{"start":{"line":141,"column":10},"end":{"line":141,"column":47}},"82":{"start":{"line":142,"column":10},"end":{"line":142,"column":43}},"83":{"start":{"line":143,"column":10},"end":{"line":143,"column":37}},"84":{"start":{"line":146,"column":30},"end":{"line":153,"column":10}},"85":{"start":{"line":154,"column":8},"end":{"line":154,"column":44}},"86":{"start":{"line":156,"column":6},"end":{"line":156,"column":47}},"87":{"start":{"line":158,"column":6},"end":{"line":181,"column":10}},"88":{"start":{"line":160,"column":27},"end":{"line":160,"column":29}},"89":{"start":{"line":162,"column":10},"end":{"line":167,"column":12}},"90":{"start":{"line":163,"column":23},"end":{"line":165,"column":35}},"91":{"start":{"line":166,"column":12},"end":{"line":166,"column":31}},"92":{"start":{"line":168,"column":10},"end":{"line":180,"column":14}},"93":{"start":{"line":169,"column":12},"end":{"line":173,"column":14}},"94":{"start":{"line":176,"column":14},"end":{"line":179,"column":16}},"95":{"start":{"line":186,"column":0},"end":{"line":213,"column":1}},"96":{"start":{"line":187,"column":17},"end":{"line":187,"column":28}},"97":{"start":{"line":188,"column":2},"end":{"line":212,"column":3}},"98":{"start":{"line":189,"column":4},"end":{"line":205,"column":8}},"99":{"start":{"line":193,"column":8},"end":{"line":204,"column":9}},"100":{"start":{"line":194,"column":10},"end":{"line":197,"column":12}},"101":{"start":{"line":199,"column":10},"end":{"line":203,"column":12}},"102":{"start":{"line":208,"column":4},"end":{"line":211,"column":6}},"103":{"start":{"line":216,"column":0},"end":{"line":235,"column":1}},"104":{"start":{"line":217,"column":2},"end":{"line":234,"column":6}},"105":{"start":{"line":223,"column":6},"end":{"line":227,"column":8}},"106":{"start":{"line":230,"column":6},"end":{"line":233,"column":8}},"107":{"start":{"line":238,"column":0},"end":{"line":259,"column":1}},"108":{"start":{"line":239,"column":11},"end":{"line":239,"column":33}},"109":{"start":{"line":241,"column":2},"end":{"line":258,"column":6}},"110":{"start":{"line":247,"column":6},"end":{"line":251,"column":8}},"111":{"start":{"line":254,"column":6},"end":{"line":257,"column":8}},"112":{"start":{"line":262,"column":0},"end":{"line":288,"column":1}},"113":{"start":{"line":263,"column":17},"end":{"line":263,"column":28}},"114":{"start":{"line":265,"column":2},"end":{"line":287,"column":6}},"115":{"start":{"line":271,"column":17},"end":{"line":271,"column":26}},"116":{"start":{"line":272,"column":22},"end":{"line":272,"column":24}},"117":{"start":{"line":273,"column":6},"end":{"line":275,"column":8}},"118":{"start":{"line":274,"column":8},"end":{"line":274,"column":50}},"119":{"start":{"line":276,"column":6},"end":{"line":280,"column":8}},"120":{"start":{"line":283,"column":6},"end":{"line":286,"column":8}},"121":{"start":{"line":291,"column":0},"end":{"line":317,"column":1}},"122":{"start":{"line":292,"column":15},"end":{"line":292,"column":26}},"123":{"start":{"line":294,"column":2},"end":{"line":316,"column":6}},"124":{"start":{"line":300,"column":17},"end":{"line":300,"column":26}},"125":{"start":{"line":301,"column":22},"end":{"line":301,"column":24}},"126":{"start":{"line":302,"column":6},"end":{"line":304,"column":8}},"127":{"start":{"line":303,"column":8},"end":{"line":303,"column":50}},"128":{"start":{"line":305,"column":6},"end":{"line":309,"column":8}},"129":{"start":{"line":312,"column":6},"end":{"line":315,"column":8}},"130":{"start":{"line":320,"column":0},"end":{"line":343,"column":1}},"131":{"start":{"line":321,"column":15},"end":{"line":321,"column":26}},"132":{"start":{"line":322,"column":11},"end":{"line":322,"column":33}},"133":{"start":{"line":324,"column":2},"end":{"line":342,"column":6}},"134":{"start":{"line":331,"column":6},"end":{"line":335,"column":8}},"135":{"start":{"line":338,"column":6},"end":{"line":341,"column":8}},"136":{"start":{"line":346,"column":0},"end":{"line":369,"column":1}},"137":{"start":{"line":347,"column":15},"end":{"line":347,"column":26}},"138":{"start":{"line":348,"column":11},"end":{"line":348,"column":33}},"139":{"start":{"line":350,"column":2},"end":{"line":368,"column":6}},"140":{"start":{"line":357,"column":6},"end":{"line":361,"column":8}},"141":{"start":{"line":364,"column":6},"end":{"line":367,"column":8}},"142":{"start":{"line":372,"column":0},"end":{"line":394,"column":1}},"143":{"start":{"line":373,"column":15},"end":{"line":373,"column":26}},"144":{"start":{"line":374,"column":11},"end":{"line":374,"column":33}},"145":{"start":{"line":376,"column":2},"end":{"line":393,"column":6}},"146":{"start":{"line":382,"column":6},"end":{"line":386,"column":8}},"147":{"start":{"line":389,"column":6},"end":{"line":392,"column":8}},"148":{"start":{"line":397,"column":0},"end":{"line":430,"column":1}},"149":{"start":{"line":398,"column":15},"end":{"line":398,"column":26}},"150":{"start":{"line":399,"column":11},"end":{"line":399,"column":33}},"151":{"start":{"line":401,"column":2},"end":{"line":429,"column":6}},"152":{"start":{"line":408,"column":6},"end":{"line":417,"column":8}},"153":{"start":{"line":409,"column":25},"end":{"line":415,"column":10}},"154":{"start":{"line":416,"column":8},"end":{"line":416,"column":25}},"155":{"start":{"line":418,"column":6},"end":{"line":422,"column":8}},"156":{"start":{"line":425,"column":6},"end":{"line":428,"column":8}},"157":{"start":{"line":433,"column":0},"end":{"line":453,"column":1}},"158":{"start":{"line":434,"column":11},"end":{"line":434,"column":33}},"159":{"start":{"line":436,"column":2},"end":{"line":452,"column":6}},"160":{"start":{"line":441,"column":6},"end":{"line":445,"column":8}},"161":{"start":{"line":448,"column":6},"end":{"line":451,"column":8}},"162":{"start":{"line":456,"column":0},"end":{"line":478,"column":1}},"163":{"start":{"line":457,"column":15},"end":{"line":457,"column":26}},"164":{"start":{"line":458,"column":11},"end":{"line":458,"column":35}},"165":{"start":{"line":460,"column":2},"end":{"line":477,"column":6}},"166":{"start":{"line":465,"column":22},"end":{"line":465,"column":34}},"167":{"start":{"line":466,"column":6},"end":{"line":470,"column":8}},"168":{"start":{"line":473,"column":6},"end":{"line":476,"column":8}}},"fnMap":{"0":{"name":"(anonymous_0)","decl":{"start":{"line":9,"column":19},"end":{"line":9,"column":20}},"loc":{"start":{"line":9,"column":34},"end":{"line":12,"column":1}},"line":9},"1":{"name":"(anonymous_1)","decl":{"start":{"line":15,"column":19},"end":{"line":15,"column":20}},"loc":{"start":{"line":15,"column":33},"end":{"line":82,"column":1}},"line":15},"2":{"name":"(anonymous_2)","decl":{"start":{"line":24,"column":10},"end":{"line":24,"column":11}},"loc":{"start":{"line":24,"column":20},"end":{"line":81,"column":5}},"line":24},"3":{"name":"(anonymous_3)","decl":{"start":{"line":25,"column":19},"end":{"line":25,"column":20}},"loc":{"start":{"line":25,"column":40},"end":{"line":31,"column":7}},"line":25},"4":{"name":"(anonymous_4)","decl":{"start":{"line":33,"column":14},"end":{"line":33,"column":15}},"loc":{"start":{"line":33,"column":20},"end":{"line":80,"column":9}},"line":33},"5":{"name":"(anonymous_5)","decl":{"start":{"line":36,"column":18},"end":{"line":36,"column":19}},"loc":{"start":{"line":36,"column":26},"end":{"line":79,"column":13}},"line":36},"6":{"name":"(anonymous_6)","decl":{"start":{"line":40,"column":27},"end":{"line":40,"column":28}},"loc":{"start":{"line":40,"column":37},"end":{"line":42,"column":15}},"line":40},"7":{"name":"(anonymous_7)","decl":{"start":{"line":48,"column":29},"end":{"line":48,"column":30}},"loc":{"start":{"line":48,"column":42},"end":{"line":59,"column":15}},"line":48},"8":{"name":"(anonymous_8)","decl":{"start":{"line":51,"column":42},"end":{"line":51,"column":43}},"loc":{"start":{"line":51,"column":54},"end":{"line":57,"column":17}},"line":51},"9":{"name":"(anonymous_9)","decl":{"start":{"line":61,"column":37},"end":{"line":61,"column":38}},"loc":{"start":{"line":61,"column":47},"end":{"line":73,"column":15}},"line":61},"10":{"name":"(anonymous_10)","decl":{"start":{"line":67,"column":34},"end":{"line":67,"column":35}},"loc":{"start":{"line":67,"column":48},"end":{"line":72,"column":17}},"line":67},"11":{"name":"(anonymous_11)","decl":{"start":{"line":85,"column":23},"end":{"line":85,"column":24}},"loc":{"start":{"line":85,"column":37},"end":{"line":183,"column":1}},"line":85},"12":{"name":"(anonymous_12)","decl":{"start":{"line":92,"column":10},"end":{"line":92,"column":11}},"loc":{"start":{"line":92,"column":26},"end":{"line":182,"column":5}},"line":92},"13":{"name":"(anonymous_13)","decl":{"start":{"line":95,"column":15},"end":{"line":95,"column":16}},"loc":{"start":{"line":95,"column":24},"end":{"line":97,"column":7}},"line":95},"14":{"name":"(anonymous_14)","decl":{"start":{"line":99,"column":15},"end":{"line":99,"column":16}},"loc":{"start":{"line":99,"column":23},"end":{"line":114,"column":7}},"line":99},"15":{"name":"(anonymous_15)","decl":{"start":{"line":101,"column":16},"end":{"line":101,"column":17}},"loc":{"start":{"line":101,"column":24},"end":{"line":113,"column":11}},"line":101},"16":{"name":"(anonymous_16)","decl":{"start":{"line":118,"column":17},"end":{"line":118,"column":18}},"loc":{"start":{"line":118,"column":28},"end":{"line":129,"column":7}},"line":118},"17":{"name":"(anonymous_17)","decl":{"start":{"line":121,"column":25},"end":{"line":121,"column":26}},"loc":{"start":{"line":121,"column":34},"end":{"line":127,"column":9}},"line":121},"18":{"name":"(anonymous_18)","decl":{"start":{"line":133,"column":25},"end":{"line":133,"column":26}},"loc":{"start":{"line":133,"column":35},"end":{"line":155,"column":7}},"line":133},"19":{"name":"(anonymous_19)","decl":{"start":{"line":139,"column":22},"end":{"line":139,"column":23}},"loc":{"start":{"line":139,"column":36},"end":{"line":144,"column":9}},"line":139},"20":{"name":"(anonymous_20)","decl":{"start":{"line":159,"column":14},"end":{"line":159,"column":15}},"loc":{"start":{"line":159,"column":24},"end":{"line":181,"column":9}},"line":159},"21":{"name":"(anonymous_21)","decl":{"start":{"line":162,"column":19},"end":{"line":162,"column":20}},"loc":{"start":{"line":162,"column":26},"end":{"line":167,"column":11}},"line":162},"22":{"name":"(anonymous_22)","decl":{"start":{"line":168,"column":37},"end":{"line":168,"column":38}},"loc":{"start":{"line":168,"column":45},"end":{"line":174,"column":11}},"line":168},"23":{"name":"(anonymous_23)","decl":{"start":{"line":175,"column":19},"end":{"line":175,"column":20}},"loc":{"start":{"line":175,"column":28},"end":{"line":180,"column":13}},"line":175},"24":{"name":"(anonymous_24)","decl":{"start":{"line":186,"column":35},"end":{"line":186,"column":36}},"loc":{"start":{"line":186,"column":49},"end":{"line":213,"column":1}},"line":186},"25":{"name":"(anonymous_25)","decl":{"start":{"line":192,"column":21},"end":{"line":192,"column":22}},"loc":{"start":{"line":192,"column":41},"end":{"line":205,"column":7}},"line":192},"26":{"name":"(anonymous_26)","decl":{"start":{"line":216,"column":27},"end":{"line":216,"column":28}},"loc":{"start":{"line":216,"column":41},"end":{"line":235,"column":1}},"line":216},"27":{"name":"(anonymous_27)","decl":{"start":{"line":222,"column":10},"end":{"line":222,"column":11}},"loc":{"start":{"line":222,"column":20},"end":{"line":228,"column":5}},"line":222},"28":{"name":"(anonymous_28)","decl":{"start":{"line":229,"column":11},"end":{"line":229,"column":12}},"loc":{"start":{"line":229,"column":20},"end":{"line":234,"column":5}},"line":229},"29":{"name":"(anonymous_29)","decl":{"start":{"line":238,"column":20},"end":{"line":238,"column":21}},"loc":{"start":{"line":238,"column":34},"end":{"line":259,"column":1}},"line":238},"30":{"name":"(anonymous_30)","decl":{"start":{"line":246,"column":10},"end":{"line":246,"column":11}},"loc":{"start":{"line":246,"column":18},"end":{"line":252,"column":5}},"line":246},"31":{"name":"(anonymous_31)","decl":{"start":{"line":253,"column":11},"end":{"line":253,"column":12}},"loc":{"start":{"line":253,"column":18},"end":{"line":258,"column":5}},"line":253},"32":{"name":"(anonymous_32)","decl":{"start":{"line":262,"column":20},"end":{"line":262,"column":21}},"loc":{"start":{"line":262,"column":34},"end":{"line":288,"column":1}},"line":262},"33":{"name":"(anonymous_33)","decl":{"start":{"line":270,"column":10},"end":{"line":270,"column":11}},"loc":{"start":{"line":270,"column":18},"end":{"line":281,"column":5}},"line":270},"34":{"name":"(anonymous_34)","decl":{"start":{"line":273,"column":19},"end":{"line":273,"column":20}},"loc":{"start":{"line":273,"column":27},"end":{"line":275,"column":7}},"line":273},"35":{"name":"(anonymous_35)","decl":{"start":{"line":282,"column":11},"end":{"line":282,"column":12}},"loc":{"start":{"line":282,"column":18},"end":{"line":287,"column":5}},"line":282},"36":{"name":"(anonymous_36)","decl":{"start":{"line":291,"column":24},"end":{"line":291,"column":25}},"loc":{"start":{"line":291,"column":38},"end":{"line":317,"column":1}},"line":291},"37":{"name":"(anonymous_37)","decl":{"start":{"line":299,"column":10},"end":{"line":299,"column":11}},"loc":{"start":{"line":299,"column":18},"end":{"line":310,"column":5}},"line":299},"38":{"name":"(anonymous_38)","decl":{"start":{"line":302,"column":19},"end":{"line":302,"column":20}},"loc":{"start":{"line":302,"column":27},"end":{"line":304,"column":7}},"line":302},"39":{"name":"(anonymous_39)","decl":{"start":{"line":311,"column":11},"end":{"line":311,"column":12}},"loc":{"start":{"line":311,"column":18},"end":{"line":316,"column":5}},"line":311},"40":{"name":"(anonymous_40)","decl":{"start":{"line":320,"column":17},"end":{"line":320,"column":18}},"loc":{"start":{"line":320,"column":31},"end":{"line":343,"column":1}},"line":320},"41":{"name":"(anonymous_41)","decl":{"start":{"line":330,"column":10},"end":{"line":330,"column":11}},"loc":{"start":{"line":330,"column":18},"end":{"line":336,"column":5}},"line":330},"42":{"name":"(anonymous_42)","decl":{"start":{"line":337,"column":11},"end":{"line":337,"column":12}},"loc":{"start":{"line":337,"column":18},"end":{"line":342,"column":5}},"line":337},"43":{"name":"(anonymous_43)","decl":{"start":{"line":346,"column":20},"end":{"line":346,"column":21}},"loc":{"start":{"line":346,"column":34},"end":{"line":369,"column":1}},"line":346},"44":{"name":"(anonymous_44)","decl":{"start":{"line":356,"column":10},"end":{"line":356,"column":11}},"loc":{"start":{"line":356,"column":18},"end":{"line":362,"column":5}},"line":356},"45":{"name":"(anonymous_45)","decl":{"start":{"line":363,"column":11},"end":{"line":363,"column":12}},"loc":{"start":{"line":363,"column":18},"end":{"line":368,"column":5}},"line":363},"46":{"name":"(anonymous_46)","decl":{"start":{"line":372,"column":19},"end":{"line":372,"column":20}},"loc":{"start":{"line":372,"column":33},"end":{"line":394,"column":1}},"line":372},"47":{"name":"(anonymous_47)","decl":{"start":{"line":381,"column":10},"end":{"line":381,"column":11}},"loc":{"start":{"line":381,"column":18},"end":{"line":387,"column":5}},"line":381},"48":{"name":"(anonymous_48)","decl":{"start":{"line":388,"column":11},"end":{"line":388,"column":12}},"loc":{"start":{"line":388,"column":18},"end":{"line":393,"column":5}},"line":388},"49":{"name":"(anonymous_49)","decl":{"start":{"line":397,"column":15},"end":{"line":397,"column":16}},"loc":{"start":{"line":397,"column":29},"end":{"line":430,"column":1}},"line":397},"50":{"name":"(anonymous_50)","decl":{"start":{"line":407,"column":10},"end":{"line":407,"column":11}},"loc":{"start":{"line":407,"column":18},"end":{"line":423,"column":5}},"line":407},"51":{"name":"(anonymous_51)","decl":{"start":{"line":408,"column":26},"end":{"line":408,"column":27}},"loc":{"start":{"line":408,"column":38},"end":{"line":417,"column":7}},"line":408},"52":{"name":"(anonymous_52)","decl":{"start":{"line":424,"column":11},"end":{"line":424,"column":12}},"loc":{"start":{"line":424,"column":18},"end":{"line":429,"column":5}},"line":424},"53":{"name":"(anonymous_53)","decl":{"start":{"line":433,"column":22},"end":{"line":433,"column":23}},"loc":{"start":{"line":433,"column":36},"end":{"line":453,"column":1}},"line":433},"54":{"name":"(anonymous_54)","decl":{"start":{"line":440,"column":10},"end":{"line":440,"column":11}},"loc":{"start":{"line":440,"column":20},"end":{"line":446,"column":5}},"line":440},"55":{"name":"(anonymous_55)","decl":{"start":{"line":447,"column":11},"end":{"line":447,"column":12}},"loc":{"start":{"line":447,"column":18},"end":{"line":452,"column":5}},"line":447},"56":{"name":"(anonymous_56)","decl":{"start":{"line":456,"column":31},"end":{"line":456,"column":32}},"loc":{"start":{"line":456,"column":45},"end":{"line":478,"column":1}},"line":456},"57":{"name":"(anonymous_57)","decl":{"start":{"line":464,"column":10},"end":{"line":464,"column":11}},"loc":{"start":{"line":464,"column":20},"end":{"line":471,"column":5}},"line":464},"58":{"name":"(anonymous_58)","decl":{"start":{"line":472,"column":11},"end":{"line":472,"column":12}},"loc":{"start":{"line":472,"column":18},"end":{"line":477,"column":5}},"line":472}},"branchMap":{"0":{"loc":{"start":{"line":27,"column":8},"end":{"line":29,"column":9}},"type":"if","locations":[{"start":{"line":27,"column":8},"end":{"line":29,"column":9}},{"start":{"line":27,"column":8},"end":{"line":29,"column":9}}],"line":27},"1":{"loc":{"start":{"line":52,"column":18},"end":{"line":56,"column":19}},"type":"if","locations":[{"start":{"line":52,"column":18},"end":{"line":56,"column":19}},{"start":{"line":52,"column":18},"end":{"line":56,"column":19}}],"line":52},"2":{"loc":{"start":{"line":102,"column":12},"end":{"line":112,"column":13}},"type":"if","locations":[{"start":{"line":102,"column":12},"end":{"line":112,"column":13}},{"start":{"line":102,"column":12},"end":{"line":112,"column":13}}],"line":102},"3":{"loc":{"start":{"line":122,"column":10},"end":{"line":126,"column":11}},"type":"if","locations":[{"start":{"line":122,"column":10},"end":{"line":126,"column":11}},{"start":{"line":122,"column":10},"end":{"line":126,"column":11}}],"line":122},"4":{"loc":{"start":{"line":188,"column":2},"end":{"line":212,"column":3}},"type":"if","locations":[{"start":{"line":188,"column":2},"end":{"line":212,"column":3}},{"start":{"line":188,"column":2},"end":{"line":212,"column":3}}],"line":188},"5":{"loc":{"start":{"line":193,"column":8},"end":{"line":204,"column":9}},"type":"if","locations":[{"start":{"line":193,"column":8},"end":{"line":204,"column":9}},{"start":{"line":193,"column":8},"end":{"line":204,"column":9}}],"line":193},"6":{"loc":{"start":{"line":196,"column":21},"end":{"line":196,"column":57}},"type":"binary-expr","locations":[{"start":{"line":196,"column":21},"end":{"line":196,"column":32}},{"start":{"line":196,"column":36},"end":{"line":196,"column":57}}],"line":196}},"s":{"0":1,"1":1,"2":1,"3":1,"4":1,"5":1,"6":1,"7":0,"8":0,"9":1,"10":0,"11":0,"12":0,"13":0,"14":0,"15":0,"16":0,"17":0,"18":0,"19":0,"20":0,"21":0,"22":0,"23":0,"24":0,"25":0,"26":0,"27":0,"28":0,"29":0,"30":0,"31":0,"32":0,"33":0,"34":0,"35":0,"36":0,"37":0,"38":0,"39":0,"40":0,"41":0,"42":0,"43":0,"44":0,"45":0,"46":0,"47":0,"48":1,"49":0,"50":0,"51":0,"52":0,"53":0,"54":0,"55":0,"56":0,"57":0,"58":0,"59":0,"60":0,"61":0,"62":0,"63":0,"64":0,"65":0,"66":0,"67":0,"68":0,"69":0,"70":0,"71":0,"72":0,"73":0,"74":0,"75":0,"76":0,"77":0,"78":0,"79":0,"80":0,"81":0,"82":0,"83":0,"84":0,"85":0,"86":0,"87":0,"88":0,"89":0,"90":0,"91":0,"92":0,"93":0,"94":0,"95":1,"96":0,"97":0,"98":0,"99":0,"100":0,"101":0,"102":0,"103":1,"104":0,"105":0,"106":0,"107":1,"108":0,"109":0,"110":0,"111":0,"112":1,"113":0,"114":0,"115":0,"116":0,"117":0,"118":0,"119":0,"120":0,"121":1,"122":0,"123":0,"124":0,"125":0,"126":0,"127":0,"128":0,"129":0,"130":1,"131":0,"132":0,"133":0,"134":0,"135":0,"136":1,"137":0,"138":0,"139":0,"140":0,"141":0,"142":1,"143":0,"144":0,"145":0,"146":0,"147":0,"148":1,"149":0,"150":0,"151":0,"152":0,"153":0,"154":0,"155":0,"156":0,"157":1,"158":0,"159":0,"160":0,"161":0,"162":1,"163":0,"164":0,"165":0,"166":0,"167":0,"168":0},"f":{"0":0,"1":0,"2":0,"3":0,"4":0,"5":0,"6":0,"7":0,"8":0,"9":0,"10":0,"11":0,"12":0,"13":0,"14":0,"15":0,"16":0,"17":0,"18":0,"19":0,"20":0,"21":0,"22":0,"23":0,"24":0,"25":0,"26":0,"27":0,"28":0,"29":0,"30":0,"31":0,"32":0,"33":0,"34":0,"35":0,"36":0,"37":0,"38":0,"39":0,"40":0,"41":0,"42":0,"43":0,"44":0,"45":0,"46":0,"47":0,"48":0,"49":0,"50":0,"51":0,"52":0,"53":0,"54":0,"55":0,"56":0,"57":0,"58":0},"b":{"0":[0,0],"1":[0,0],"2":[0,0],"3":[0,0],"4":[0,0],"5":[0,0],"6":[0,0]},"_coverageSchema":"43e27e138ebf9cfc5966b082cf9a028302ed4184","hash":"6dd89ecad56c61a48b7d1ef557d2564da9fd4bbe","contentHash":"f7d89f00e7cae6968a55b313062c19771ef904423dcf26670d5e08674124e0f1"},"/home/elfarabi/Documents/Film/Project/SampahAnugerah/Backend-Sampan/models/cart.js":{"path":"/home/elfarabi/Documents/Film/Project/SampahAnugerah/Backend-Sampan/models/cart.js","statementMap":{"0":{"start":{"line":1,"column":17},"end":{"line":1,"column":36}},"1":{"start":{"line":2,"column":11},"end":{"line":2,"column":26}},"2":{"start":{"line":5,"column":19},"end":{"line":24,"column":1}},"3":{"start":{"line":27,"column":0},"end":{"line":27,"column":51}}},"fnMap":{},"branchMap":{},"s":{"0":1,"1":1,"2":1,"3":1},"f":{},"b":{},"_coverageSchema":"43e27e138ebf9cfc5966b082cf9a028302ed4184","hash":"d04091ac17ed30b853e3babe437505a6cc9f01ff","contentHash":"7c7854590c5418cfebde9ddec4c42ca78510b7b2e2c7e2eecdbee5537d44a805"},"/home/elfarabi/Documents/Film/Project/SampahAnugerah/Backend-Sampan/controllers/cart.js":{"path":"/home/elfarabi/Documents/Film/Project/SampahAnugerah/Backend-Sampan/controllers/cart.js","statementMap":{"0":{"start":{"line":1,"column":13},"end":{"line":1,"column":38}},"1":{"start":{"line":2,"column":9},"end":{"line":2,"column":34}},"2":{"start":{"line":5,"column":0},"end":{"line":57,"column":1}},"3":{"start":{"line":6,"column":21},"end":{"line":6,"column":29}},"4":{"start":{"line":7,"column":13},"end":{"line":7,"column":24}},"5":{"start":{"line":8,"column":14},"end":{"line":8,"column":42}},"6":{"start":{"line":10,"column":2},"end":{"line":56,"column":6}},"7":{"start":{"line":13,"column":6},"end":{"line":49,"column":7}},"8":{"start":{"line":14,"column":8},"end":{"line":14,"column":21}},"9":{"start":{"line":15,"column":8},"end":{"line":17,"column":9}},"10":{"start":{"line":16,"column":10},"end":{"line":16,"column":38}},"11":{"start":{"line":19,"column":8},"end":{"line":32,"column":12}},"12":{"start":{"line":21,"column":12},"end":{"line":25,"column":14}},"13":{"start":{"line":28,"column":12},"end":{"line":31,"column":14}},"14":{"start":{"line":35,"column":8},"end":{"line":48,"column":12}},"15":{"start":{"line":37,"column":12},"end":{"line":41,"column":14}},"16":{"start":{"line":44,"column":12},"end":{"line":47,"column":14}},"17":{"start":{"line":52,"column":6},"end":{"line":55,"column":8}},"18":{"start":{"line":60,"column":0},"end":{"line":87,"column":1}},"19":{"start":{"line":61,"column":21},"end":{"line":61,"column":29}},"20":{"start":{"line":62,"column":13},"end":{"line":62,"column":24}},"21":{"start":{"line":64,"column":2},"end":{"line":86,"column":6}},"22":{"start":{"line":66,"column":6},"end":{"line":79,"column":10}},"23":{"start":{"line":68,"column":10},"end":{"line":72,"column":12}},"24":{"start":{"line":75,"column":10},"end":{"line":78,"column":12}},"25":{"start":{"line":82,"column":6},"end":{"line":85,"column":8}},"26":{"start":{"line":91,"column":0},"end":{"line":121,"column":1}},"27":{"start":{"line":92,"column":19},"end":{"line":92,"column":28}},"28":{"start":{"line":93,"column":13},"end":{"line":93,"column":17}},"29":{"start":{"line":95,"column":18},"end":{"line":95,"column":38}},"30":{"start":{"line":96,"column":14},"end":{"line":96,"column":19}},"31":{"start":{"line":98,"column":2},"end":{"line":102,"column":5}},"32":{"start":{"line":99,"column":4},"end":{"line":101,"column":5}},"33":{"start":{"line":100,"column":6},"end":{"line":100,"column":18}},"34":{"start":{"line":104,"column":2},"end":{"l
[...]
":3,"column":14},"end":{"line":3,"column":15}},"loc":{"start":{"line":3,"column":28},"end":{"line":18,"column":1}},"line":3},"1":{"name":"(anonymous_1)","decl":{"start":{"line":6,"column":10},"end":{"line":6,"column":11}},"loc":{"start":{"line":6,"column":18},"end":{"line":11,"column":5}},"line":6},"2":{"name":"(anonymous_2)","decl":{"start":{"line":12,"column":11},"end":{"line":12,"column":12}},"loc":{"start":{"line":12,"column":18},"end":{"line":17,"column":5}},"line":12},"3":{"name":"(anonymous_3)","decl":{"start":{"line":20,"column":15},"end":{"line":20,"column":16}},"loc":{"start":{"line":20,"column":35},"end":{"line":40,"column":1}},"line":20},"4":{"name":"(anonymous_4)","decl":{"start":{"line":27,"column":10},"end":{"line":27,"column":11}},"loc":{"start":{"line":27,"column":20},"end":{"line":32,"column":5}},"line":27},"5":{"name":"(anonymous_5)","decl":{"start":{"line":33,"column":11},"end":{"line":33,"column":12}},"loc":{"start":{"line":33,"column":18},"end":{"line":38,"column":5}},"line":33}},"branchMap":{"0":{"loc":{"start":{"line":15,"column":17},"end":{"line":15,"column":48}},"type":"binary-expr","locations":[{"start":{"line":15,"column":17},"end":{"line":15,"column":28}},{"start":{"line":15,"column":32},"end":{"line":15,"column":48}}],"line":15},"1":{"loc":{"start":{"line":36,"column":17},"end":{"line":36,"column":59}},"type":"binary-expr","locations":[{"start":{"line":36,"column":17},"end":{"line":36,"column":28}},{"start":{"line":36,"column":32},"end":{"line":36,"column":59}}],"line":36}},"s":{"0":1,"1":1,"2":1,"3":1,"4":0,"5":1,"6":1,"7":1,"8":1,"9":0},"f":{"0":1,"1":1,"2":0,"3":1,"4":1,"5":0},"b":{"0":[0,0],"1":[0,0]},"_coverageSchema":"43e27e138ebf9cfc5966b082cf9a028302ed4184","hash":"49f2cf345000b9d5a96f430f30ef7f7258fb02d8","contentHash":"2cb279e39abf2af8a86d53020a1d6a21e89e2da69ad4a9623a9804d8452c974f"},"/home/elfarabi/Documents/Film/Project/SampahAnugerah/Backend-Sampan/models/wishlist.js":{"path":"/home/elfarabi/Documents/Film/Project/SampahAnugerah/Backend-Sampan/models/wishlist.js","statementMap":{"0":{"start":{"line":1,"column":17},"end":{"line":1,"column":36}},"1":{"start":{"line":2,"column":11},"end":{"line":2,"column":26}},"2":{"start":{"line":6,"column":17},"end":{"line":14,"column":2}},"3":{"start":{"line":17,"column":0},"end":{"line":17,"column":53}}},"fnMap":{},"branchMap":{},"s":{"0":1,"1":1,"2":1,"3":1},"f":{},"b":{},"_coverageSchema":"43e27e138ebf9cfc5966b082cf9a028302ed4184","hash":"7ff66b26f5ed9dd614de7189ef729ea7fead7d03","contentHash":"b0e25c735b4375f3ca9d275dea30c8bef78f12796bcf57de78f22e6761efec0d"},"/home/elfarabi/Documents/Film/Project/SampahAnugerah/Backend-Sampan/routes/reviewItem.js":{"path":"/home/elfarabi/Documents/Film/Project/SampahAnugerah/Backend-Sampan/routes/reviewItem.js","statementMap":{"0":{"start":{"line":1,"column":15},"end":{"line":1,"column":42}},"1":{"start":{"line":2,"column":22},"end":{"line":2,"column":58}},"2":{"start":{"line":3,"column":2},"end":{"line":3,"column":32}},"3":{"start":{"line":4,"column":2},"end":{"line":4,"column":62}},"4":{"start":{"line":5,"column":2},"end":{"line":5,"column":67}},"5":{"start":{"line":7,"column":0},"end":{"line":9,"column":58}},"6":{"start":{"line":12,"column":2},"end":{"line":12,"column":26}}},"fnMap":{},"branchMap":{},"s":{"0":1,"1":1,"2":1,"3":1,"4":1,"5":1,"6":1},"f":{},"b":{},"_coverageSchema":"43e27e138ebf9cfc5966b082cf9a028302ed4184","hash":"cf26554199a5fdba33e8864c01ce5b252672bb25","contentHash":"e463ae263c147a76c83df763905f5dac97b5d6cbc35eab541bf3857f6cfe8bd8"},"/home/elfarabi/Documents/Film/Project/SampahAnugerah/Backend-Sampan/controllers/reviewItem.js":{"path":"/home/elfarabi/Documents/Film/Project/SampahAnugerah/Backend-Sampan/controllers/reviewItem.js","statementMap":{"0":{"start":{"line":1,"column":15},"end":{"line":1,"column":46}},"1":{"start":{"line":2,"column":9},"end":{"line":2,"column":34}},"2":{"start":{"line":23,"column":0},"end":{"line":51,"column":1}},"3":{"start":{"line":24,"column":19},"end":{"line":24,"column":68}},"4":{"start":{"line":26,"column":2},"end":{"line":50,"column":3}},"5":{"start":{"line":27,"column":4},"end":{"line":27,"column":49}},"6":{"start":{"line":28,"column":4},"end":{"line":28,"column":39}},"7":{"start":{"line":29,"column":4},"end":{"line":29,"column":31}},"8":{"start":{"line":31,"column":15},"end":{"line":31,"column":41}},"9":{"start":{"line":32,"column":4},"end":{"line":41,"column":8}},"10":{"start":{"line":34,"column":8},"end":{"line":40,"column":10}},"11":{"start":{"line":35,"column":10},"end":{"line":39,"column":12}},"12":{"start":{"line":46,"column":4},"end":{"line":49,"column":6}}},"fnMap":{"0":{"name":"(anonymous_0)","decl":{"start":{"line":23,"column":17},"end":{"line":23,"column":18}},"loc":{"start":{"line":23,"column":37},"end":{"line":51,"column":1}},"line":23},"1":{"name":"(anonymous_1)","decl":{"start":{"line":33,"column":12},"end":{"line":33,"column":13}},"loc":{"start":{"line":33,"column":21},"end":{"line":41,"column":7}},"line":33},"2":{"name":"(anonymous_2)","decl":{"start":{"line":34,"column":88},"end":{"line":34,"column":89}},"loc":{"start":{"line":34,"column":94},"end":{"line":40,"column":9}},"line":34}},"branchMap":{"0":{"loc":{"start":{"line":26,"column":2},"end":{"line":50,"column":3}},"type":"if","locations":[{"start":{"line":26,"column":2},"end":{"line":50,"column":3}},{"start":{"line":26,"column":2},"end":{"line":50,"column":3}}],"line":26},"1":{"loc":{"start":{"line":26,"column":6},"end":{"line":26,"column":73}},"type":"binary-expr","locations":[{"start":{"line":26,"column":6},"end":{"line":26,"column":40}},{"start":{"line":26,"column":44},"end":{"line":26,"column":73}}],"line":26}},"s":{"0":1,"1":1,"2":1,"3":0,"4":0,"5":0,"6":0,"7":0,"8":0,"9":0,"10":0,"11":0,"12":0},"f":{"0":0,"1":0,"2":0},"b":{"0":[0,0],"1":[0,0]},"_coverageSchema":"43e27e138ebf9cfc5966b082cf9a028302ed4184","hash":"3f0db1d83022a450e7ba206c07d3771eead31f36","contentHash":"195a9e850a4a04c4a942de46761e40c9803aac3b1807f4cae80e3691d02dfdbe"},"/home/elfarabi/Documents/Film/Project/SampahAnugerah/Backend-Sampan/routes/reviewUser.js":{"path":"/home/elfarabi/Documents/Film/Project/SampahAnugerah/Backend-Sampan/routes/reviewUser.js","statementMap":{"0":{"start":{"line":1,"column":15},"end":{"line":1,"column":42}},"1":{"start":{"line":2,"column":26},"end":{"line":2,"column":62}},"2":{"start":{"line":3,"column":2},"end":{"line":3,"column":32}},"3":{"start":{"line":4,"column":2},"end":{"line":4,"column":62}},"4":{"start":{"line":6,"column":0},"end":{"line":8,"column":50}},"5":{"start":{"line":10,"column":2},"end":{"line":10,"column":26}}},"fnMap":{},"branchMap":{},"s":{"0":1,"1":1,"2":1,"3":1,"4":1,"5":1},"f":{},"b":{},"_coverageSchema":"43e27e138ebf9cfc5966b082cf9a028302ed4184","hash":"410412a2283478a06e5ae4f24462fb7341f5702f","contentHash":"1bdf2620beee48e941d5c819fffd87f90a2a8e90b91db3a830ec7ced0cd21263"},"/home/elfarabi/Documents/Film/Project/SampahAnugerah/Backend-Sampan/controllers/reviewUser.js":{"path":"/home/elfarabi/Documents/Film/Project/SampahAnugerah/Backend-Sampan/controllers/reviewUser.js","statementMap":{"0":{"start":{"line":1,"column":19},"end":{"line":1,"column":50}},"1":{"start":{"line":2,"column":13},"end":{"line":2,"column":38}},"2":{"start":{"line":4,"column":0},"end":{"line":22,"column":1}},"3":{"start":{"line":5,"column":2},"end":{"line":5,"column":23}},"4":{"start":{"line":6,"column":2},"end":{"line":21,"column":6}},"5":{"start":{"line":8,"column":6},"end":{"line":13,"column":8}},"6":{"start":{"line":9,"column":8},"end":{"line":12,"column":10}},"7":{"start":{"line":16,"column":6},"end":{"line":20,"column":8}}},"fnMap":{"0":{"name":"(anonymous_0)","decl":{"start":{"line":4,"column":17},"end":{"line":4,"column":18}},"loc":{"start":{"line":4,"column":31},"end":{"line":22,"column":1}},"line":4},"1":{"name":"(anonymous_1)","decl":{"start":{"line":7,"column":10},"end":{"line":7,"column":11}},"loc":{"start":{"line":7,"column":20},"end":{"line":14,"column":5}},"line":7},"2":{"name":"(anonymous_2)","decl":{"start":{"line":8,"column":95},"end":{"line":8,"column":96}},"loc":{"start":{"line":8,"column":101},"end":{"line":13,"column":7}},"line":8},"3":{"name":"(anonymous_3)","decl":{"start":{"line":15,"column":11},"end":{"line":15,"column":12}},"loc":{"start":{"line":15,"column":20},"end":{"line":21,"column":5}},"line":15}},"branchMap":{},"s":{"0":1,"1":1,"2":1,"3":0,"4":0,"5":0,"6":0,"7":0},"f":{"0":0,"1":0,"2":0,"3":0},"b":{},"_coverageSchema":"43e27e138ebf9cfc5966b082cf9a028302ed4184","hash":"506bacdc4f6a9aed702fbf592065af71ede438f1","contentHash":"a47078922d31d17bd345b28c5513574574984354b9765749a529246838e9f9d2"},"/home/elfarabi/Documents/Film/Project/SampahAnugerah/Backend-Sampan/models/reviewUser.js":{"path":"/home/elfarabi/Documents/Film/Project/SampahAnugerah/Backend-Sampan/models/reviewUser.js","statementMap":{"0":{"start":{"line":1,"column":17},"end":{"line":1,"column":36}},"1":{"start":{"line":3,"column":19},"end":{"line":3,"column":27}},"2":{"start":{"line":5,"column":25},"end":{"line":27,"column":22}},"3":{"start":{"line":29,"column":0},"end":{"line":29,"column":63}}},"fnMap":{},"branchMap":{},"s":{"0":1,"1":1,"2":1,"3":1},"f":{},"b":{},"_coverageSchema":"43e27e138ebf9cfc5966b082cf9a028302ed4184","hash":"feb487bec77b1d1aa45a5c2af454be56cf379579","contentHash":"34ef8e9d3164ef31581afce224c05adbe3e048490656f470f81f6198ebfa60ae"},"/home/elfarabi/Documents/Film/Project/SampahAnugerah/Backend-Sampan/routes/event.js":{"path":"/home/elfarabi/Documents/Film/Project/SampahAnugerah/Backend-Sampan/routes/event.js","statementMap":{"0":{"start":{"line":1,"column":15},"end":{"line":1,"column":42}},"1":{"start":{"line":2,"column":21},"end":{"line":2,"column":52}},"2":{"start":{"line":3,"column":13},"end":{"line":3,"column":32}},"3":{"start":{"line":4,"column":16},"end":{"line":4,"column":63}},"4":{"start":{"line":6,"column":0},"end":{"line":8,"column":50}},"5":{"start":{"line":10,"column":0},"end":{"line":13,"column":52}},"6":{"start":{"line":15,"column":0},"end":{"line":16,"column":47}},"7":{"start":{"line":18,"column":2},"end":{"line":18,"column":26}}},"fnMap":{},"branchMap":{},"s":{"0":1,"1":1,"2":1,"3":1,"4":1,"5":1,"6":1,"7":1},"f":{},"b":{},"_coverageSchema":"43e27e138ebf9cfc5966b082cf9a028302ed4184","hash":"674d012ac4b86af133f45ed2236bed91f195afa1","contentHash":"ccb30216d810ec2f3f34a4db28907a78318c5ea72b843e79b7bcfc75b22ad2ab"},"/home/elfarabi/Documents/Film/Project/SampahAnugerah/Backend-Sampan/controllers/event.js":{"path":"/home/elfarabi/Documents/Film/Project/SampahAnugerah/Backend-Sampan/controllers/event.js","statementMap":{"0":{"start":{"line":1,"column":14},"end":{"line":1,"column":40}},"1":{"start":{"line":2,"column":11},"end":{"line":2,"column":28}},"2":{"start":{"line":5,"column":0},"end":{"line":37,"column":2}},"3":{"start":{"line":6,"column":2},"end":{"line":36,"column":7}},"4":{"start":{"line":10,"column":19},"end":{"line":10,"column":21}},"5":{"start":{"line":11,"column":6},"end":{"line":24,"column":9}},"6":{"start":{"line":12,"column":8},"end":{"line":12,"column":26}},"7":{"start":{"line":13,"column":8},"end":{"line":23,"column":9}},"8":{"start":{"line":14,"column":10},"end":{"line":22,"column":13}},"9":{"start":{"line":15,"column":23},"end":{"line":19,"column":13}},"10":{"start":{"line":21,"column":12},"end":{"line":21,"column":55}},"11":{"start":{"line":25,"column":6},"end":{"line":29,"column":9}},"12":{"start":{"line":32,"column":6},"end":{"line":35,"column":9}},"13":{"start":{"line":40,"column":0},"end":{"line":57,"column":2}},"14":{"start":{"line":41,"column":11},"end":{"line":41,"column":29}},"15":{"start":{"line":43,"column":2},"end":{"line":56,"column":7}},"16":{"start":{"line":45,"column":6},"end":{"line":49,"column":8}},"17":{"start":{"line":52,"column":6},"end":{"line":55,"column":9}},"18":{"start":{"line":60,"column":0},"end":{"line":84,"column":2}},"19":{"start":{"line":61,"column":16},"end":{"line":68,"column":4}},"20":{"start":{"line":69,"column":2},"end":{"line":83,"column":7}},"21":{"start":{"line":72,"column":6},"end":{"line":76,"column":9}},"22":{"start":{"line":79,"column":6},"end":{"line":82,"column":9}},"23":{"start":{"line":87,"column":0},"end":{"line":104,"column":2}},"24":{"start":{"line":88,"column":11},"end":{"line":88,"column":29}},"25":{"start":{"line":90,"column":2},"end":{"line":103,"column":7}},"26":{"start":{"line":92,"column":6},"end":{"line":96,"column":9}},"27":{"start":{"line":99,"column":6},"end":{"line":102,"column":9}},"28":{"start":{"line":107,"column":0},"end":{"line":139,"column":2}},"29":{"start":{"line":108,"column":11},"end":{"line":108,"column":29}},"30":{"start":{"line":109,"column":15},"end":{"line":109,"column":26}},"31":{"start":{"line":110,"column":19},"end":{"line":110,"column":51}},"32":{"start":{"line":111,"column":23},"end":{"line":111,"column":47}},"33":{"start":{"line":112,"column":20},"end":{"line":112,"column":50}},"34":{"start":{"line":114,"column":2},"end":{"line":138,"column":3}},"35":{"start":{"line":115,"column":4},"end":{"line":132,"column":9}},"36":{"start":{"line":121,"column":8},"end":{"line":125,"column":11}},"37":{"start":{"line":128,"column":8},"end":{"line":131,"column":11}},"38":{"start":{"line":134,"column":4},"end":{"line":137,"column":7}},"39":{"start":{"line":142,"column":0},"end":{"line":159,"column":2}},"40":{"start":{"line":143,"column":11},"end":{"line":143,"column":29}},"41":{"start":{"line":145,"column":2},"end":{"line":158,"column":7}},"42":{"start":{"line":147,"column":6},"end":{"line":151,"column":8}},"43":{"start":{"line":154,"column":6},"end":{"line":157,"column":9}},"44":{"start":{"line":161,"column":0},"end":{"line":178,"column":2}},"45":{"start":{"line":162,"column":2},"end":{"line":177,"column":7}},"46":{"start":{"line":164,"column":6},"end":{"line":170,"column":9}},"47":{"start":{"line":165,"column":22},"end":{"line":165,"column":52}},"48":{"start":{"line":166,"column":8},"end":{"line":169,"column":9}},"49":{"start":{"line":167,"column":10},"end":{"line":167,"column":40}},"50":{"start":{"line":168,"column":10},"end":{"line":168,"column":24}},"51":{"start":{"line":173,"column":6},"end":{"line":176,"column":9}}},"fnMap":{"0":{"name":"(anonymous_0)","decl":{"start":{"line":5,"column":20},"end":{"line":5,"column":21}},"loc":{"start":{"line":5,"column":34},"end":{"line":37,"column":1}},"line":5},"1":{"name":"(anonymous_1)","decl":{"start":{"line":9,"column":10},"end":{"line":9,"column":11}},"loc":{"start":{"line":9,"column":18},"end":{"line":30,"column":5}},"line":9},"2":{"name":"(anonymous_2)","decl":{"start":{"line":11,"column":19},"end":{"line":11,"column":20}},"loc":{"start":{"line":11,"column":36},"end":{"line":24,"column":7}},"line":11},"3":{"name":"(anonymous_3)","decl":{"start":{"line":14,"column":37},"end":{"line":14,"column":38}},"loc":{"start":{"line":14,"column":55},"end":{"line":22,"column":11}},"line":14},"4":{"name":"(anonymous_4)","decl":{"start":{"line":31,"column":11},"end":{"line":31,"column":12}},"loc":{"start":{"line":31,"column":18},"end":{"line":36,"column":5}},"line":31},"5":{"name":"(anonymous_5)","decl":{"start":{"line":40,"column":26},"end":{"line":40,"column":27}},"loc":{"start":{"line":40,"column":40},"end":{"line":57,"column":1}},"line":40},"6":{"name":"(anonymous_6)","decl":{"start":{"line":44,"column":10},"end":{"line":44,"column":11}},"loc":{"start":{"line":44,"column":20},"end":{"line":50,"column":5}},"line":44},"7":{"name":"(anonymous_7)","decl":{"start":{"line":51,"column":11},"end":{"line":51,"column":12}},"loc":{"start":{"line":51,"column":18},"end":{"line":56,"column":5}},"line":51},"8":{"name":"(anonymous_8)","decl":{"start":{"line":60,"column":22},"end":{"line":60,"column":23}},"loc":{"start":{"line":60,"column":36},"end":{"line":84,"column":1}},"line":60},"9":{"name":"(anonymous_9)","decl":{"start":{"line":71,"column":10},"end":{"line":71,"column":11}},"loc":{"start":{"line":71,"column":20},"end":{"line":77,"column":5}},"line":71},"10":{"name":"(anonymous_10)","decl":{"start":{"line":78,"column":11},"end":{"line":78,"column":12}},"loc":{"start":{"line":78,"column":18},"end":{"line":83,"column":5}},"line":78},"11":{"name":"(anonymous_11)","decl":{"start":{"line":87,"column":22},"end":{"line":87,"column":23}},"loc":{"start":{"line":87,"column":36},"end":{"line":104,"column":1}},"line":87},"12":{"name":"(anonymous_12)","decl":{"start":{"line":91,"column":10},"end":{"line":91,"column":11}},"loc":{"start":{"line":91,"column":20},"end":{"line":97,"column":5}},"line":91},"13":{"name":"(anonymous_13)","decl":{"start":{"line":98,"column":11},"end":{"line":98,"column":12}},"loc":{"start":{"line":98,"column":18},"end":{"line":103,"column":5}},"line":98},"14":{"name":"(anonymous_14)","decl":{"start":{"line":107,"column":20},"end":{"line":107,"column":21}},"loc":{"start":{"line":107,"column":40},"end":{"line":139,"column":1}},"line":107},"15":{"name":"(anonymous_15)","decl":{"start":{"line":120,"column":12},"end":{"line":120,"column":13}},"loc":{"start":{"line":120,"column":22},"end":{"line":126,"column":7}},"line":120},"16":{"name":"(anonymous_16)","decl":{"start":{"line":127,"column":13},"end":{"line":127,"column":14}},"loc":{"start":{"line":127,"column":20},"end":{"line":132,"column":7}},"line":127},"17":{"name":"(anonymous_17)","decl":{"start":{"line":142,"column":22},"end":{"line":142,"column":23}},"loc":{"start":{"line":142,"column":36},"end":{"line":159,"column":1}},"line":142},"18":{"name":"(anonymous_18)","decl":{"start":{"line":146,"column":10},"end":{"line":146,"column":11}},"loc":{"start":{"line":146,"column":20},"end":{"line":152,"column":5}},"line":146},"19":{"name":"(anonymous_19)","decl":{"start":{"line":153,"column":11},"end":{"line":153,"column":12}},"loc":{"start":{"line":153,"column":18},"end":{"line":158,"column":5}},"line":153},"20":{"name":"(anonymous_20)","decl":{"start":{"line":161,"column":22},"end":{"line":161,"column":23}},"loc":{"start":{"line":161,"column":36},"end":{"line":178,"column":1}},"line":161},"21":{"name":"(anonymous_21)","decl":{"start":{"line":163,"column":10},"end":{"line":163,"column":11}},"loc":{"start":{"line":163,"column":18},"end":{"line":171,"column":5}},"line":163},"22":{"name":"(anonymous_22)","decl":{"start":{"line":164,"column":19},"end":{"line":164,"column":20}},"loc":{"start":{"line":164,"column":29},"end":{"line":170,"column":7}},"line":164},"23":{"name":"(anonymous_23)","decl":{"start":{"line":172,"column":11},"end":{"line":172,"column":12}},"loc":{"start":{"line":172,"column":18},"end":{"line":177,"column":5}},"line":172}},"branchMap":{"0":{"loc":{"start":{"line":13,"column":8},"end":{"line":23,"column":9}},"type":"if","locations":[{"start":{"line":13,"column":8},"end":{"line":23,"column":9}},{"start":{"line":13,"column":8},"end":{"line":23,"column":9}}],"line":13},"1":{"loc":{"start":{"line":114,"column":2},"end":{"line":138,"column":3}},"type":"if","locations":[{"start":{"line":114,"column":2},"end":{"line":138,"column":3}},{"start":{"line":114,"column":2},"end":{"line":138,"column":3}}],"line":114},"2":{"loc":{"start":{"line":166,"column":8},"end":{"line":169,"column":9}},"type":"if","locations":[{"start":{"line":166,"column":8},"end":{"line":169,"column":9}},{"start":{"line":166,"column":8},"end":{"line":169,"column":9}}],"line":166}},"s":{"0":1,"1":1,"2":1,"3":1,"4":1,"5":1,"6":0,"7":0,"8":0,"9":0,"10":0,"11":1,"12":0,"13":1,"14":0,"15":0,"16":0,"17":0,"18":1,"19":0,"20":0,"21":0,"22":0,"23":1,"24":0,"25":0,"26":0,"27":0,"28":1,"29":0,"30":0,"31":0,"32":0,"33":0,"34":0,"35":0,"36":0,"37":0,"38":0,"39":1,"40":0,"41":0,"42":0,"43":0,"44":1,"45":0,"46":0,"47":0,"48":0,"49":0,"50":0,"51":0},"f":{"0":1,"1":1,"2":0,"3":0,"4":0,"5":0,"6":0,"7":0,"8":0,"9":0,"10":0,"11":0,"12":0,"13":0,"14":0,"15":0,"16":0,"17":0,"18":0,"19":0,"20":0,"21":0,"22":0,"23":0},"b":{"0":[0,0],"1":[0,0],"2":[0,0]},"_coverageSchema":"43e27e138ebf9cfc5966b082cf9a028302ed4184","hash":"104a218e2f38af60600087b37c43e504b8e7d4b1","contentHash":"afa4770f692bd327596124f682ffaf2a89e26a0637edef161fb2d7c0702b100c"}}